#
# There is insufficient memory for the Java Runtime Environment to continue.
# Native memory allocation (malloc) failed to allocate 2010816 bytes. Error detail: Chunk::new
# Possible reasons:
#   The system is out of physical RAM or swap space
#   This process is running with CompressedOops enabled, and the Java Heap may be blocking the growth of the native heap
# Possible solutions:
#   Reduce memory load on the system
#   Increase physical memory or swap space
#   Check if swap backing store is full
#   Decrease Java heap size (-Xmx/-Xms)
#   Decrease number of Java threads
#   Decrease Java thread stack sizes (-Xss)
#   Set larger code cache with -XX:ReservedCodeCacheSize=
#   JVM is running with Unscaled Compressed Oops mode in which the Java heap is
#     placed in the first 4GB address space. The Java Heap base address is the
#     maximum limit for the native heap growth. Please use -XX:HeapBaseMinAddress
#     to set the Java Heap base and to place the Java Heap above 4GB virtual address.
# This output file may be truncated or incomplete.
#
#  Out of Memory Error (arena.cpp:191), pid=8580, tid=11996
#
# JRE version: OpenJDK Runtime Environment Temurin-17.0.12+7 (17.0.12+7) (build 17.0.12+7)
# Java VM: OpenJDK 64-Bit Server VM Temurin-17.0.12+7 (17.0.12+7, mixed mode, tiered, compressed oops, compressed class ptrs, parallel gc, windows-amd64)
# No core dump will be written. Minidumps are not enabled by default on client versions of Windows
#

---------------  S U M M A R Y ------------

Command Line: --add-modules=ALL-SYSTEM --add-opens=java.base/java.util=ALL-UNNAMED --add-opens=java.base/java.lang=ALL-UNNAMED --add-opens=java.base/sun.nio.fs=ALL-UNNAMED -Declipse.application=org.eclipse.jdt.ls.core.id1 -Dosgi.bundles.defaultStartLevel=4 -Declipse.product=org.eclipse.jdt.ls.core.product -Djava.import.generatesMetadataFilesAtProjectRoot=false -DDetectVMInstallationsJob.disabled=true -Dfile.encoding=utf8 -XX:+UseParallelGC -XX:GCTimeRatio=4 -XX:AdaptiveSizePolicyWeight=90 -Dsun.zip.disableMemoryMapping=true -Xmx1G -Xms100m -Xlog:disable -javaagent:c:\Users\nocturno\.vscode\extensions\redhat.java-1.35.1-win32-x64\lombok\lombok-1.18.33.jar -XX:+HeapDumpOnOutOfMemoryError -XX:HeapDumpPath=c:\Users\nocturno\AppData\Roaming\Code\User\workspaceStorage\1812e3faff74b5b2630cf6a06ffa5056\redhat.java -Daether.dependencyCollector.impl=bf c:\Users\nocturno\.vscode\extensions\redhat.java-1.35.1-win32-x64\server\plugins\org.eclipse.equinox.launcher_1.6.900.v20240613-2009.jar -configuration c:\Users\nocturno\AppData\Roaming\Code\User\globalStorage\redhat.java\1.35.1\config_win -data c:\Users\nocturno\AppData\Roaming\Code\User\workspaceStorage\1812e3faff74b5b2630cf6a06ffa5056\redhat.java\jdt_ws --pipe=\\.\pipe\lsp-aa2c6f8be027ec7c2737c608449359c8-sock

Host: Intel(R) Core(TM) i5-8400 CPU @ 2.80GHz, 6 cores, 15G,  Windows 11 , 64 bit Build 22621 (10.0.22621.3958)
Time: Mon Oct  7 19:39:43 2024 Hora de verano romance elapsed time: 4.597468 seconds (0d 0h 0m 4s)

---------------  T H R E A D  ---------------

Current thread (0x00000245ca0da330):  JavaThread "C2 CompilerThread1" daemon [_thread_in_native, id=11996, stack(0x0000006324b00000,0x0000006324c00000)]


Current CompileTask:
C2:   4597 6698 %     4       org.eclipse.jdt.internal.core.search.indexing.BinaryIndexer::extractReferenceFromConstantPool @ 155 (358 bytes)

Stack: [0x0000006324b00000,0x0000006324c00000]
Native frames: (J=compiled Java code, j=interpreted, Vv=VM code, C=native code)
V  [jvm.dll+0x67f929]
V  [jvm.dll+0x8371ba]
V  [jvm.dll+0x838c7e]
V  [jvm.dll+0x8392e3]
V  [jvm.dll+0x24834f]
V  [jvm.dll+0xac9d4]
V  [jvm.dll+0xad01c]
V  [jvm.dll+0x3674a7]
V  [jvm.dll+0x1bd562]
V  [jvm.dll+0x21aa09]
V  [jvm.dll+0x219cf1]
V  [jvm.dll+0x1a58bd]
V  [jvm.dll+0x229a2d]
V  [jvm.dll+0x227bdc]
V  [jvm.dll+0x7ec1f7]
V  [jvm.dll+0x7e65dc]
V  [jvm.dll+0x67e7f7]
C  [ucrtbase.dll+0x29333]
C  [KERNEL32.DLL+0x1257d]
C  [ntdll.dll+0x5af08]


---------------  P R O C E S S  ---------------

Threads class SMR info:
_java_thread_list=0x00000245cbc02ad0, length=37, elements={
0x00000245b0909d00, 0x00000245c4794030, 0x00000245c4795650, 0x00000245c4798ee0,
0x00000245c4799d60, 0x00000245c479b420, 0x00000245c479d150, 0x00000245c9f02010,
0x00000245c9f44930, 0x00000245c9f7bda0, 0x00000245b0970d60, 0x00000245ca0da330,
0x00000245ca2dd7d0, 0x00000245cae8dce0, 0x00000245caf006c0, 0x00000245caa67d00,
0x00000245caf37410, 0x00000245cb520960, 0x00000245cb77ce90, 0x00000245cb405410,
0x00000245cb405920, 0x00000245cb407780, 0x00000245cb405e30, 0x00000245cb407c90,
0x00000245cb407270, 0x00000245cb406d60, 0x00000245cb406340, 0x00000245cb404f00,
0x00000245cb4081a0, 0x00000245cb406850, 0x00000245cb4086b0, 0x00000245cba42500,
0x00000245cba43430, 0x00000245cba42a10, 0x00000245cba3d400, 0x00000245cba410c0,
0x00000245cba406a0
}

Java Threads: ( => current thread )
  0x00000245b0909d00 JavaThread "main" [_thread_blocked, id=4324, stack(0x0000006323e00000,0x0000006323f00000)]
  0x00000245c4794030 JavaThread "Reference Handler" daemon [_thread_blocked, id=1304, stack(0x0000006324100000,0x0000006324200000)]
  0x00000245c4795650 JavaThread "Finalizer" daemon [_thread_blocked, id=6888, stack(0x0000006324200000,0x0000006324300000)]
  0x00000245c4798ee0 JavaThread "Signal Dispatcher" daemon [_thread_blocked, id=13108, stack(0x0000006324300000,0x0000006324400000)]
  0x00000245c4799d60 JavaThread "Attach Listener" daemon [_thread_blocked, id=15160, stack(0x0000006324400000,0x0000006324500000)]
  0x00000245c479b420 JavaThread "Service Thread" daemon [_thread_blocked, id=6184, stack(0x0000006324500000,0x0000006324600000)]
  0x00000245c479d150 JavaThread "Monitor Deflation Thread" daemon [_thread_blocked, id=4640, stack(0x0000006324600000,0x0000006324700000)]
  0x00000245c9f02010 JavaThread "C2 CompilerThread0" daemon [_thread_in_native, id=15352, stack(0x0000006324700000,0x0000006324800000)]
  0x00000245c9f44930 JavaThread "C1 CompilerThread0" daemon [_thread_in_native, id=1176, stack(0x0000006324800000,0x0000006324900000)]
  0x00000245c9f7bda0 JavaThread "Sweeper thread" daemon [_thread_blocked, id=17900, stack(0x0000006324900000,0x0000006324a00000)]
  0x00000245b0970d60 JavaThread "Common-Cleaner" daemon [_thread_blocked, id=16540, stack(0x0000006324a00000,0x0000006324b00000)]
=>0x00000245ca0da330 JavaThread "C2 CompilerThread1" daemon [_thread_in_native, id=11996, stack(0x0000006324b00000,0x0000006324c00000)]
  0x00000245ca2dd7d0 JavaThread "Notification Thread" daemon [_thread_blocked, id=4112, stack(0x0000006324c00000,0x0000006324d00000)]
  0x00000245cae8dce0 JavaThread "Active Thread: Equinox Container: 6a52ffb8-b951-4993-9ff8-5041c1ef0191" [_thread_blocked, id=15768, stack(0x0000006325300000,0x0000006325400000)]
  0x00000245caf006c0 JavaThread "Framework Event Dispatcher: Equinox Container: 6a52ffb8-b951-4993-9ff8-5041c1ef0191" daemon [_thread_blocked, id=7836, stack(0x0000006325400000,0x0000006325500000)]
  0x00000245caa67d00 JavaThread "Start Level: Equinox Container: 6a52ffb8-b951-4993-9ff8-5041c1ef0191" daemon [_thread_blocked, id=4780, stack(0x0000006325500000,0x0000006325600000)]
  0x00000245caf37410 JavaThread "Bundle File Closer" daemon [_thread_blocked, id=12812, stack(0x0000006325600000,0x0000006325700000)]
  0x00000245cb520960 JavaThread "SCR Component Actor" daemon [_thread_blocked, id=1892, stack(0x0000006325700000,0x0000006325800000)]
  0x00000245cb77ce90 JavaThread "SCR Component Registry" daemon [_thread_blocked, id=15620, stack(0x0000006325800000,0x0000006325900000)]
  0x00000245cb405410 JavaThread "Worker-JM" [_thread_blocked, id=14492, stack(0x0000006325900000,0x0000006325a00000)]
  0x00000245cb405920 JavaThread "JNA Cleaner" daemon [_thread_blocked, id=1852, stack(0x0000006325a00000,0x0000006325b00000)]
  0x00000245cb407780 JavaThread "Worker-0: Loading available Gradle versions" [_thread_in_Java, id=5656, stack(0x0000006325b00000,0x0000006325c00000)]
  0x00000245cb405e30 JavaThread "Worker-1" [_thread_blocked, id=14636, stack(0x0000006325c00000,0x0000006325d00000)]
  0x00000245cb407c90 JavaThread "Worker-2: Java indexing... " [_thread_blocked, id=1384, stack(0x0000006325d00000,0x0000006325e00000)]
  0x00000245cb407270 JavaThread "Java indexing" daemon [_thread_in_Java, id=18112, stack(0x0000006325e00000,0x0000006325f00000)]
  0x00000245cb406d60 JavaThread "Thread-2" daemon [_thread_in_native, id=16284, stack(0x0000006326100000,0x0000006326200000)]
  0x00000245cb406340 JavaThread "Thread-3" daemon [_thread_in_native, id=5840, stack(0x0000006326200000,0x0000006326300000)]
  0x00000245cb404f00 JavaThread "Thread-4" daemon [_thread_in_native, id=16672, stack(0x0000006326300000,0x0000006326400000)]
  0x00000245cb4081a0 JavaThread "Thread-5" daemon [_thread_in_native, id=12532, stack(0x0000006326400000,0x0000006326500000)]
  0x00000245cb406850 JavaThread "Thread-6" daemon [_thread_in_native, id=10732, stack(0x0000006326500000,0x0000006326600000)]
  0x00000245cb4086b0 JavaThread "Thread-7" daemon [_thread_in_native, id=15524, stack(0x0000006326600000,0x0000006326700000)]
  0x00000245cba42500 JavaThread "Thread-8" daemon [_thread_in_native, id=17012, stack(0x0000006326700000,0x0000006326800000)]
  0x00000245cba43430 JavaThread "pool-2-thread-1" [_thread_blocked, id=13292, stack(0x0000006326800000,0x0000006326900000)]
  0x00000245cba42a10 JavaThread "WorkspaceEventsHandler" [_thread_blocked, id=18092, stack(0x0000006326900000,0x0000006326a00000)]
  0x00000245cba3d400 JavaThread "pool-1-thread-1" [_thread_blocked, id=17640, stack(0x0000006326a00000,0x0000006326b00000)]
  0x00000245cba410c0 JavaThread "Worker-3" [_thread_blocked, id=7152, stack(0x0000006326b00000,0x0000006326c00000)]
  0x00000245cba406a0 JavaThread "Worker-4: Initialize Workspace" [_thread_in_vm, id=15848, stack(0x0000006326c00000,0x0000006326d00000)]

Other Threads:
  0x00000245b09b7b70 VMThread "VM Thread" [stack: 0x0000006324000000,0x0000006324100000] [id=660]
  0x00000245ca238330 WatcherThread [stack: 0x0000006324d00000,0x0000006324e00000] [id=10764]
  0x00000245b0922c20 GCTaskThread "GC Thread#0" [stack: 0x0000006323f00000,0x0000006324000000] [id=16092]
  0x00000245ca737020 GCTaskThread "GC Thread#1" [stack: 0x0000006324e00000,0x0000006324f00000] [id=18196]
  0x00000245ca96f420 GCTaskThread "GC Thread#2" [stack: 0x0000006324f00000,0x0000006325000000] [id=9292]
  0x00000245ca96f6e0 GCTaskThread "GC Thread#3" [stack: 0x0000006325000000,0x0000006325100000] [id=3972]
  0x00000245ca750690 GCTaskThread "GC Thread#4" [stack: 0x0000006325100000,0x0000006325200000] [id=11092]
  0x00000245ca73b950 GCTaskThread "GC Thread#5" [stack: 0x0000006325200000,0x0000006325300000] [id=11860]

Threads with active compile tasks:
C2 CompilerThread0     4617 7095   !   4       java.nio.file.FileTreeWalker::next (144 bytes)
C1 CompilerThread0     4617 7225       3       sun.security.util.math.intpoly.IntegerPolynomialP256::mult (943 bytes)
C2 CompilerThread1     4617 6698 %     4       org.eclipse.jdt.internal.core.search.indexing.BinaryIndexer::extractReferenceFromConstantPool @ 155 (358 bytes)

VM state: not at safepoint (normal execution)

VM Mutex/Monitor currently owned by a thread: None

Heap address: 0x00000000c0000000, size: 1024 MB, Compressed Oops mode: 32-bit

CDS archive(s) not mapped
Compressed class space mapped at: 0x0000000100000000-0x0000000140000000, reserved size: 1073741824
Narrow klass base: 0x0000000000000000, Narrow klass shift: 3, Narrow klass range: 0x140000000

GC Precious Log:
 CPUs: 6 total, 6 available
 Memory: 16158M
 Large Page Support: Disabled
 NUMA Support: Disabled
 Compressed Oops: Enabled (32-bit)
 Alignments: Space 512K, Generation 512K, Heap 2M
 Heap Min Capacity: 100M
 Heap Initial Capacity: 100M
 Heap Max Capacity: 1G
 Pre-touch: Disabled
 Parallel Workers: 6

Heap:
 PSYoungGen      total 22016K, used 6416K [0x00000000eab00000, 0x00000000ec580000, 0x0000000100000000)
  eden space 21504K, 29% used [0x00000000eab00000,0x00000000eb144178,0x00000000ec000000)
  from space 512K, 0% used [0x00000000ec280000,0x00000000ec280000,0x00000000ec300000)
  to   space 1536K, 0% used [0x00000000ec400000,0x00000000ec400000,0x00000000ec580000)
 ParOldGen       total 68608K, used 45987K [0x00000000c0000000, 0x00000000c4300000, 0x00000000eab00000)
  object space 68608K, 67% used [0x00000000c0000000,0x00000000c2ce8cf0,0x00000000c4300000)
 Metaspace       used 59848K, committed 60864K, reserved 1114112K
  class space    used 6478K, committed 6912K, reserved 1048576K

Card table byte_map: [0x00000245b02a0000,0x00000245b04b0000] _byte_map_base: 0x00000245afca0000

Marking Bits: (ParMarkBitMap*) 0x00007ffe29db58b0
 Begin Bits: [0x00000245c25a0000, 0x00000245c35a0000)
 End Bits:   [0x00000245c35a0000, 0x00000245c45a0000)

Polling page: 0x00000245ae880000

Metaspace:

Usage:
  Non-class:     52.12 MB used.
      Class:      6.33 MB used.
       Both:     58.45 MB used.

Virtual space:
  Non-class space:       64.00 MB reserved,      52.69 MB ( 82%) committed,  1 nodes.
      Class space:        1.00 GB reserved,       6.75 MB ( <1%) committed,  1 nodes.
             Both:        1.06 GB reserved,      59.44 MB (  5%) committed. 

Chunk freelists:
   Non-Class:  10.95 MB
       Class:  9.20 MB
        Both:  20.16 MB

MaxMetaspaceSize: unlimited
CompressedClassSpaceSize: 1.00 GB
Initial GC threshold: 21.00 MB
Current GC threshold: 98.12 MB
CDS: off
MetaspaceReclaimPolicy: balanced
 - commit_granule_bytes: 65536.
 - commit_granule_words: 8192.
 - virtual_space_node_default_size: 8388608.
 - enlarge_chunks_in_place: 1.
 - new_chunks_are_fully_committed: 0.
 - uncommit_free_chunks: 1.
 - use_allocation_guard: 0.
 - handle_deallocations: 1.


Internal statistics:

num_allocs_failed_limit: 13.
num_arena_births: 624.
num_arena_deaths: 14.
num_vsnodes_births: 2.
num_vsnodes_deaths: 0.
num_space_committed: 951.
num_space_uncommitted: 0.
num_chunks_returned_to_freelist: 27.
num_chunks_taken_from_freelist: 2811.
num_chunk_merges: 16.
num_chunk_splits: 1771.
num_chunks_enlarged: 1060.
num_inconsistent_stats: 0.

CodeHeap 'non-profiled nmethods': size=120000Kb used=2627Kb max_used=2627Kb free=117372Kb
 bounds [0x00000245bb070000, 0x00000245bb310000, 0x00000245c25a0000]
CodeHeap 'profiled nmethods': size=120000Kb used=11818Kb max_used=11818Kb free=108181Kb
 bounds [0x00000245b35a0000, 0x00000245b4130000, 0x00000245baad0000]
CodeHeap 'non-nmethods': size=5760Kb used=1353Kb max_used=1428Kb free=4406Kb
 bounds [0x00000245baad0000, 0x00000245bad40000, 0x00000245bb070000]
 total_blobs=6885 nmethods=6189 adapters=609
 compilation: enabled
              stopped_count=0, restarted_count=0
 full_count=0

Compilation events (20 events):
Event: 4.581 Thread 0x00000245c9f44930 nmethod 7136 0x00000245b40ee610 code [0x00000245b40ee7a0, 0x00000245b40ee8c8]
Event: 4.581 Thread 0x00000245c9f44930 7137   !   3       java.nio.file.FileTreeWalker::getAttributes (94 bytes)
Event: 4.581 Thread 0x00000245c9f44930 nmethod 7137 0x00000245b40ee990 code [0x00000245b40eec40, 0x00000245b40efda8]
Event: 4.583 Thread 0x00000245c9f44930 7138       2       java.util.ArrayDeque$DeqIterator::hasNext (13 bytes)
Event: 4.583 Thread 0x00000245c9f44930 nmethod 7138 0x00000245b40f0310 code [0x00000245b40f04a0, 0x00000245b40f05b8]
Event: 4.584 Thread 0x00000245c9f44930 7141   !   2       sun.nio.fs.WindowsDirectoryStream$WindowsDirectoryIterator::readNextEntry (192 bytes)
Event: 4.585 Thread 0x00000245c9f44930 nmethod 7141 0x00000245b40f0690 code [0x00000245b40f0900, 0x00000245b40f0fd8]
Event: 4.585 Thread 0x00000245c9f44930 7140  s    2       sun.nio.fs.WindowsDirectoryStream$WindowsDirectoryIterator::hasNext (35 bytes)
Event: 4.585 Thread 0x00000245c9f44930 nmethod 7140 0x00000245b40f1610 code [0x00000245b40f17c0, 0x00000245b40f19e8]
Event: 4.586 Thread 0x00000245c9f44930 7142 %     3       sun.nio.fs.Globs::toRegexPattern @ 15 (745 bytes)
Event: 4.586 Thread 0x00000245c9f02010 nmethod 7127% 0x00000245bb14e510 code [0x00000245bb14e6a0, 0x00000245bb14eef8]
Event: 4.586 Thread 0x00000245c9f02010 7100 %     4       java.util.regex.Matcher::reset @ 17 (128 bytes)
Event: 4.590 Thread 0x00000245c9f44930 nmethod 7142% 0x00000245b40f1a90 code [0x00000245b40f24a0, 0x00000245b40f84c8]
Event: 4.590 Thread 0x00000245c9f44930 7149       3       java.util.regex.Pattern::escape (1327 bytes)
Event: 4.592 Thread 0x00000245c9f02010 nmethod 7100% 0x00000245bb22a810 code [0x00000245bb22a9c0, 0x00000245bb22ad08]
Event: 4.592 Thread 0x00000245c9f02010 7095   !   4       java.nio.file.FileTreeWalker::next (144 bytes)
Event: 4.594 Thread 0x00000245c9f44930 nmethod 7149 0x00000245b40fa890 code [0x00000245b40fb380, 0x00000245b4101e68]
Event: 4.594 Thread 0x00000245c9f44930 7151   !   3       java.util.regex.Pattern::RemoveQEQuoting (370 bytes)
Event: 4.596 Thread 0x00000245c9f44930 nmethod 7151 0x00000245b4103690 code [0x00000245b4103960, 0x00000245b4104ae8]
Event: 4.596 Thread 0x00000245c9f44930 7153       3       java.util.regex.Pattern::compile (500 bytes)

GC Heap History (20 events):
Event: 3.488 GC heap before
{Heap before GC invocations=25 (full 2):
 PSYoungGen      total 22528K, used 22519K [0x00000000eab00000, 0x00000000ec780000, 0x0000000100000000)
  eden space 21504K, 100% used [0x00000000eab00000,0x00000000ec000000,0x00000000ec000000)
  from space 1024K, 99% used [0x00000000ec380000,0x00000000ec47df08,0x00000000ec480000)
  to   space 3584K, 0% used [0x00000000ec000000,0x00000000ec000000,0x00000000ec380000)
 ParOldGen       total 68608K, used 30085K [0x00000000c0000000, 0x00000000c4300000, 0x00000000eab00000)
  object space 68608K, 43% used [0x00000000c0000000,0x00000000c1d61668,0x00000000c4300000)
 Metaspace       used 47841K, committed 48896K, reserved 1114112K
  class space    used 4946K, committed 5376K, reserved 1048576K
}
Event: 3.490 GC heap after
{Heap after GC invocations=25 (full 2):
 PSYoungGen      total 23040K, used 1074K [0x00000000eab00000, 0x00000000ec400000, 0x0000000100000000)
  eden space 21504K, 0% used [0x00000000eab00000,0x00000000eab00000,0x00000000ec000000)
  from space 1536K, 69% used [0x00000000ec000000,0x00000000ec10c828,0x00000000ec180000)
  to   space 2048K, 0% used [0x00000000ec200000,0x00000000ec200000,0x00000000ec400000)
 ParOldGen       total 68608K, used 31105K [0x00000000c0000000, 0x00000000c4300000, 0x00000000eab00000)
  object space 68608K, 45% used [0x00000000c0000000,0x00000000c1e606b0,0x00000000c4300000)
 Metaspace       used 47841K, committed 48896K, reserved 1114112K
  class space    used 4946K, committed 5376K, reserved 1048576K
}
Event: 3.637 GC heap before
{Heap before GC invocations=26 (full 2):
 PSYoungGen      total 23040K, used 22578K [0x00000000eab00000, 0x00000000ec400000, 0x0000000100000000)
  eden space 21504K, 100% used [0x00000000eab00000,0x00000000ec000000,0x00000000ec000000)
  from space 1536K, 69% used [0x00000000ec000000,0x00000000ec10c828,0x00000000ec180000)
  to   space 2048K, 0% used [0x00000000ec200000,0x00000000ec200000,0x00000000ec400000)
 ParOldGen       total 68608K, used 31105K [0x00000000c0000000, 0x00000000c4300000, 0x00000000eab00000)
  object space 68608K, 45% used [0x00000000c0000000,0x00000000c1e606b0,0x00000000c4300000)
 Metaspace       used 49335K, committed 50304K, reserved 1114112K
  class space    used 5137K, committed 5504K, reserved 1048576K
}
Event: 3.639 GC heap after
{Heap after GC invocations=26 (full 2):
 PSYoungGen      total 23040K, used 1450K [0x00000000eab00000, 0x00000000ec380000, 0x0000000100000000)
  eden space 21504K, 0% used [0x00000000eab00000,0x00000000eab00000,0x00000000ec000000)
  from space 1536K, 94% used [0x00000000ec200000,0x00000000ec36a938,0x00000000ec380000)
  to   space 1536K, 0% used [0x00000000ec000000,0x00000000ec000000,0x00000000ec180000)
 ParOldGen       total 68608K, used 31988K [0x00000000c0000000, 0x00000000c4300000, 0x00000000eab00000)
  object space 68608K, 46% used [0x00000000c0000000,0x00000000c1f3d138,0x00000000c4300000)
 Metaspace       used 49335K, committed 50304K, reserved 1114112K
  class space    used 5137K, committed 5504K, reserved 1048576K
}
Event: 3.782 GC heap before
{Heap before GC invocations=27 (full 2):
 PSYoungGen      total 23040K, used 22954K [0x00000000eab00000, 0x00000000ec380000, 0x0000000100000000)
  eden space 21504K, 100% used [0x00000000eab00000,0x00000000ec000000,0x00000000ec000000)
  from space 1536K, 94% used [0x00000000ec200000,0x00000000ec36a938,0x00000000ec380000)
  to   space 1536K, 0% used [0x00000000ec000000,0x00000000ec000000,0x00000000ec180000)
 ParOldGen       total 68608K, used 31988K [0x00000000c0000000, 0x00000000c4300000, 0x00000000eab00000)
  object space 68608K, 46% used [0x00000000c0000000,0x00000000c1f3d138,0x00000000c4300000)
 Metaspace       used 51009K, committed 52096K, reserved 1114112K
  class space    used 5338K, committed 5824K, reserved 1048576K
}
Event: 3.784 GC heap after
{Heap after GC invocations=27 (full 2):
 PSYoungGen      total 23040K, used 1505K [0x00000000eab00000, 0x00000000ec900000, 0x0000000100000000)
  eden space 21504K, 0% used [0x00000000eab00000,0x00000000eab00000,0x00000000ec000000)
  from space 1536K, 98% used [0x00000000ec000000,0x00000000ec1787d0,0x00000000ec180000)
  to   space 4608K, 0% used [0x00000000ec480000,0x00000000ec480000,0x00000000ec900000)
 ParOldGen       total 68608K, used 34370K [0x00000000c0000000, 0x00000000c4300000, 0x00000000eab00000)
  object space 68608K, 50% used [0x00000000c0000000,0x00000000c2190a88,0x00000000c4300000)
 Metaspace       used 51009K, committed 52096K, reserved 1114112K
  class space    used 5338K, committed 5824K, reserved 1048576K
}
Event: 3.935 GC heap before
{Heap before GC invocations=28 (full 2):
 PSYoungGen      total 23040K, used 23009K [0x00000000eab00000, 0x00000000ec900000, 0x0000000100000000)
  eden space 21504K, 100% used [0x00000000eab00000,0x00000000ec000000,0x00000000ec000000)
  from space 1536K, 98% used [0x00000000ec000000,0x00000000ec1787d0,0x00000000ec180000)
  to   space 4608K, 0% used [0x00000000ec480000,0x00000000ec480000,0x00000000ec900000)
 ParOldGen       total 68608K, used 34370K [0x00000000c0000000, 0x00000000c4300000, 0x00000000eab00000)
  object space 68608K, 50% used [0x00000000c0000000,0x00000000c2190a88,0x00000000c4300000)
 Metaspace       used 52443K, committed 53504K, reserved 1114112K
  class space    used 5520K, committed 5952K, reserved 1048576K
}
Event: 3.937 GC heap after
{Heap after GC invocations=28 (full 2):
 PSYoungGen      total 24576K, used 2858K [0x00000000eab00000, 0x00000000ec780000, 0x0000000100000000)
  eden space 21504K, 0% used [0x00000000eab00000,0x00000000eab00000,0x00000000ec000000)
  from space 3072K, 93% used [0x00000000ec480000,0x00000000ec74ab90,0x00000000ec780000)
  to   space 3584K, 0% used [0x00000000ec080000,0x00000000ec080000,0x00000000ec400000)
 ParOldGen       total 68608K, used 35620K [0x00000000c0000000, 0x00000000c4300000, 0x00000000eab00000)
  object space 68608K, 51% used [0x00000000c0000000,0x00000000c22c90e0,0x00000000c4300000)
 Metaspace       used 52443K, committed 53504K, reserved 1114112K
  class space    used 5520K, committed 5952K, reserved 1048576K
}
Event: 4.123 GC heap before
{Heap before GC invocations=29 (full 2):
 PSYoungGen      total 24576K, used 24362K [0x00000000eab00000, 0x00000000ec780000, 0x0000000100000000)
  eden space 21504K, 100% used [0x00000000eab00000,0x00000000ec000000,0x00000000ec000000)
  from space 3072K, 93% used [0x00000000ec480000,0x00000000ec74ab90,0x00000000ec780000)
  to   space 3584K, 0% used [0x00000000ec080000,0x00000000ec080000,0x00000000ec400000)
 ParOldGen       total 68608K, used 35620K [0x00000000c0000000, 0x00000000c4300000, 0x00000000eab00000)
  object space 68608K, 51% used [0x00000000c0000000,0x00000000c22c90e0,0x00000000c4300000)
 Metaspace       used 53606K, committed 54720K, reserved 1114112K
  class space    used 5690K, committed 6144K, reserved 1048576K
}
Event: 4.126 GC heap after
{Heap after GC invocations=29 (full 2):
 PSYoungGen      total 25088K, used 3569K [0x00000000eab00000, 0x00000000ece00000, 0x0000000100000000)
  eden space 21504K, 0% used [0x00000000eab00000,0x00000000eab00000,0x00000000ec000000)
  from space 3584K, 99% used [0x00000000ec080000,0x00000000ec3fc7d0,0x00000000ec400000)
  to   space 7168K, 0% used [0x00000000ec700000,0x00000000ec700000,0x00000000ece00000)
 ParOldGen       total 68608K, used 38303K [0x00000000c0000000, 0x00000000c4300000, 0x00000000eab00000)
  object space 68608K, 55% used [0x00000000c0000000,0x00000000c2567d48,0x00000000c4300000)
 Metaspace       used 53606K, committed 54720K, reserved 1114112K
  class space    used 5690K, committed 6144K, reserved 1048576K
}
Event: 4.279 GC heap before
{Heap before GC invocations=30 (full 2):
 PSYoungGen      total 25088K, used 25073K [0x00000000eab00000, 0x00000000ece00000, 0x0000000100000000)
  eden space 21504K, 100% used [0x00000000eab00000,0x00000000ec000000,0x00000000ec000000)
  from space 3584K, 99% used [0x00000000ec080000,0x00000000ec3fc7d0,0x00000000ec400000)
  to   space 7168K, 0% used [0x00000000ec700000,0x00000000ec700000,0x00000000ece00000)
 ParOldGen       total 68608K, used 38303K [0x00000000c0000000, 0x00000000c4300000, 0x00000000eab00000)
  object space 68608K, 55% used [0x00000000c0000000,0x00000000c2567dc0,0x00000000c4300000)
 Metaspace       used 54854K, committed 55936K, reserved 1114112K
  class space    used 5850K, committed 6336K, reserved 1048576K
}
Event: 4.282 GC heap after
{Heap after GC invocations=30 (full 2):
 PSYoungGen      total 24576K, used 2851K [0x00000000eab00000, 0x00000000eca00000, 0x0000000100000000)
  eden space 21504K, 0% used [0x00000000eab00000,0x00000000eab00000,0x00000000ec000000)
  from space 3072K, 92% used [0x00000000ec700000,0x00000000ec9c8f48,0x00000000eca00000)
  to   space 4096K, 0% used [0x00000000ec200000,0x00000000ec200000,0x00000000ec600000)
 ParOldGen       total 68608K, used 41764K [0x00000000c0000000, 0x00000000c4300000, 0x00000000eab00000)
  object space 68608K, 60% used [0x00000000c0000000,0x00000000c28c92e8,0x00000000c4300000)
 Metaspace       used 54854K, committed 55936K, reserved 1114112K
  class space    used 5850K, committed 6336K, reserved 1048576K
}
Event: 4.382 GC heap before
{Heap before GC invocations=31 (full 2):
 PSYoungGen      total 24576K, used 24355K [0x00000000eab00000, 0x00000000eca00000, 0x0000000100000000)
  eden space 21504K, 100% used [0x00000000eab00000,0x00000000ec000000,0x00000000ec000000)
  from space 3072K, 92% used [0x00000000ec700000,0x00000000ec9c8f48,0x00000000eca00000)
  to   space 4096K, 0% used [0x00000000ec200000,0x00000000ec200000,0x00000000ec600000)
 ParOldGen       total 68608K, used 41777K [0x00000000c0000000, 0x00000000c4300000, 0x00000000eab00000)
  object space 68608K, 60% used [0x00000000c0000000,0x00000000c28cc5e8,0x00000000c4300000)
 Metaspace       used 56696K, committed 57792K, reserved 1114112K
  class space    used 6076K, committed 6528K, reserved 1048576K
}
Event: 4.385 GC heap after
{Heap after GC invocations=31 (full 2):
 PSYoungGen      total 24576K, used 3020K [0x00000000eab00000, 0x00000000ec780000, 0x0000000100000000)
  eden space 21504K, 0% used [0x00000000eab00000,0x00000000eab00000,0x00000000ec000000)
  from space 3072K, 98% used [0x00000000ec200000,0x00000000ec4f31c8,0x00000000ec500000)
  to   space 2560K, 0% used [0x00000000ec500000,0x00000000ec500000,0x00000000ec780000)
 ParOldGen       total 68608K, used 44459K [0x00000000c0000000, 0x00000000c4300000, 0x00000000eab00000)
  object space 68608K, 64% used [0x00000000c0000000,0x00000000c2b6ae28,0x00000000c4300000)
 Metaspace       used 56696K, committed 57792K, reserved 1114112K
  class space    used 6076K, committed 6528K, reserved 1048576K
}
Event: 4.511 GC heap before
{Heap before GC invocations=32 (full 2):
 PSYoungGen      total 24576K, used 24524K [0x00000000eab00000, 0x00000000ec780000, 0x0000000100000000)
  eden space 21504K, 100% used [0x00000000eab00000,0x00000000ec000000,0x00000000ec000000)
  from space 3072K, 98% used [0x00000000ec200000,0x00000000ec4f31c8,0x00000000ec500000)
  to   space 2560K, 0% used [0x00000000ec500000,0x00000000ec500000,0x00000000ec780000)
 ParOldGen       total 68608K, used 44459K [0x00000000c0000000, 0x00000000c4300000, 0x00000000eab00000)
  object space 68608K, 64% used [0x00000000c0000000,0x00000000c2b6ae28,0x00000000c4300000)
 Metaspace       used 59036K, committed 60096K, reserved 1114112K
  class space    used 6347K, committed 6784K, reserved 1048576K
}
Event: 4.513 GC heap after
{Heap after GC invocations=32 (full 2):
 PSYoungGen      total 24064K, used 2160K [0x00000000eab00000, 0x00000000ec780000, 0x0000000100000000)
  eden space 21504K, 0% used [0x00000000eab00000,0x00000000eab00000,0x00000000ec000000)
  from space 2560K, 84% used [0x00000000ec500000,0x00000000ec71c1b0,0x00000000ec780000)
  to   space 2560K, 0% used [0x00000000ec280000,0x00000000ec280000,0x00000000ec500000)
 ParOldGen       total 68608K, used 47211K [0x00000000c0000000, 0x00000000c4300000, 0x00000000eab00000)
  object space 68608K, 68% used [0x00000000c0000000,0x00000000c2e1ae28,0x00000000c4300000)
 Metaspace       used 59036K, committed 60096K, reserved 1114112K
  class space    used 6347K, committed 6784K, reserved 1048576K
}
Event: 4.525 GC heap before
{Heap before GC invocations=33 (full 2):
 PSYoungGen      total 24064K, used 4695K [0x00000000eab00000, 0x00000000ec780000, 0x0000000100000000)
  eden space 21504K, 11% used [0x00000000eab00000,0x00000000ead79c38,0x00000000ec000000)
  from space 2560K, 84% used [0x00000000ec500000,0x00000000ec71c1b0,0x00000000ec780000)
  to   space 2560K, 0% used [0x00000000ec280000,0x00000000ec280000,0x00000000ec500000)
 ParOldGen       total 68608K, used 47211K [0x00000000c0000000, 0x00000000c4300000, 0x00000000eab00000)
  object space 68608K, 68% used [0x00000000c0000000,0x00000000c2e1ae28,0x00000000c4300000)
 Metaspace       used 59251K, committed 60288K, reserved 1114112K
  class space    used 6377K, committed 6848K, reserved 1048576K
}
Event: 4.527 GC heap after
{Heap after GC invocations=33 (full 2):
 PSYoungGen      total 22016K, used 285K [0x00000000eab00000, 0x00000000ec580000, 0x0000000100000000)
  eden space 21504K, 0% used [0x00000000eab00000,0x00000000eab00000,0x00000000ec000000)
  from space 512K, 55% used [0x00000000ec280000,0x00000000ec2c77f0,0x00000000ec300000)
  to   space 1536K, 0% used [0x00000000ec400000,0x00000000ec400000,0x00000000ec580000)
 ParOldGen       total 68608K, used 49319K [0x00000000c0000000, 0x00000000c4300000, 0x00000000eab00000)
  object space 68608K, 71% used [0x00000000c0000000,0x00000000c3029e40,0x00000000c4300000)
 Metaspace       used 59251K, committed 60288K, reserved 1114112K
  class space    used 6377K, committed 6848K, reserved 1048576K
}
Event: 4.527 GC heap before
{Heap before GC invocations=34 (full 3):
 PSYoungGen      total 22016K, used 285K [0x00000000eab00000, 0x00000000ec580000, 0x0000000100000000)
  eden space 21504K, 0% used [0x00000000eab00000,0x00000000eab00000,0x00000000ec000000)
  from space 512K, 55% used [0x00000000ec280000,0x00000000ec2c77f0,0x00000000ec300000)
  to   space 1536K, 0% used [0x00000000ec400000,0x00000000ec400000,0x00000000ec580000)
 ParOldGen       total 68608K, used 49319K [0x00000000c0000000, 0x00000000c4300000, 0x00000000eab00000)
  object space 68608K, 71% used [0x00000000c0000000,0x00000000c3029e40,0x00000000c4300000)
 Metaspace       used 59251K, committed 60288K, reserved 1114112K
  class space    used 6377K, committed 6848K, reserved 1048576K
}
Event: 4.578 GC heap after
{Heap after GC invocations=34 (full 3):
 PSYoungGen      total 22016K, used 0K [0x00000000eab00000, 0x00000000ec580000, 0x0000000100000000)
  eden space 21504K, 0% used [0x00000000eab00000,0x00000000eab00000,0x00000000ec000000)
  from space 512K, 0% used [0x00000000ec280000,0x00000000ec280000,0x00000000ec300000)
  to   space 1536K, 0% used [0x00000000ec400000,0x00000000ec400000,0x00000000ec580000)
 ParOldGen       total 68608K, used 45987K [0x00000000c0000000, 0x00000000c4300000, 0x00000000eab00000)
  object space 68608K, 67% used [0x00000000c0000000,0x00000000c2ce8cf0,0x00000000c4300000)
 Metaspace       used 59251K, committed 60288K, reserved 1114112K
  class space    used 6377K, committed 6848K, reserved 1048576K
}

Dll operation events (12 events):
Event: 0.007 Loaded shared library c:\Users\nocturno\.vscode\extensions\redhat.java-1.35.1-win32-x64\jre\17.0.12-win32-x86_64\bin\java.dll
Event: 0.111 Loaded shared library c:\Users\nocturno\.vscode\extensions\redhat.java-1.35.1-win32-x64\jre\17.0.12-win32-x86_64\bin\zip.dll
Event: 0.113 Loaded shared library C:\Users\nocturno\.vscode\extensions\redhat.java-1.35.1-win32-x64\jre\17.0.12-win32-x86_64\bin\instrument.dll
Event: 0.122 Loaded shared library C:\Users\nocturno\.vscode\extensions\redhat.java-1.35.1-win32-x64\jre\17.0.12-win32-x86_64\bin\net.dll
Event: 0.123 Loaded shared library C:\Users\nocturno\.vscode\extensions\redhat.java-1.35.1-win32-x64\jre\17.0.12-win32-x86_64\bin\nio.dll
Event: 0.128 Loaded shared library C:\Users\nocturno\.vscode\extensions\redhat.java-1.35.1-win32-x64\jre\17.0.12-win32-x86_64\bin\zip.dll
Event: 0.139 Loaded shared library C:\Users\nocturno\.vscode\extensions\redhat.java-1.35.1-win32-x64\jre\17.0.12-win32-x86_64\bin\jimage.dll
Event: 0.181 Loaded shared library c:\Users\nocturno\.vscode\extensions\redhat.java-1.35.1-win32-x64\jre\17.0.12-win32-x86_64\bin\verify.dll
Event: 0.877 Loaded shared library C:\Users\nocturno\AppData\Roaming\Code\User\globalStorage\redhat.java\1.35.1\config_win\org.eclipse.equinox.launcher\org.eclipse.equinox.launcher.win32.win32.x86_64_1.2.1100.v20240722-2106\eclipse_11904.dll
Event: 1.809 Loaded shared library C:\Users\nocturno\AppData\Local\Temp\jna-1109282320\jna3158952389068591562.dll
Event: 4.314 Loaded shared library C:\Users\nocturno\.vscode\extensions\redhat.java-1.35.1-win32-x64\jre\17.0.12-win32-x86_64\bin\sunmscapi.dll
Event: 4.496 Loaded shared library C:\Users\nocturno\.vscode\extensions\redhat.java-1.35.1-win32-x64\jre\17.0.12-win32-x86_64\bin\extnet.dll

Deoptimization events (20 events):
Event: 4.478 Thread 0x00000245cba406a0 DEOPT PACKING pc=0x00000245bb2a7dfc sp=0x0000006326cfeb30
Event: 4.478 Thread 0x00000245cba406a0 DEOPT UNPACKING pc=0x00000245bab266a3 sp=0x0000006326cfeb20 mode 2
Event: 4.478 Thread 0x00000245cba406a0 Uncommon trap: trap_request=0xffffffde fr.pc=0x00000245bb2a7dfc relative=0x00000000000012dc
Event: 4.478 Thread 0x00000245cba406a0 Uncommon trap: reason=class_check action=maybe_recompile pc=0x00000245bb2a7dfc method=java.nio.file.FileTreeWalker.next()Ljava/nio/file/FileTreeWalker$Event; @ 37 c2
Event: 4.478 Thread 0x00000245cba406a0 DEOPT PACKING pc=0x00000245bb2a7dfc sp=0x0000006326cfeb30
Event: 4.478 Thread 0x00000245cba406a0 DEOPT UNPACKING pc=0x00000245bab266a3 sp=0x0000006326cfeb20 mode 2
Event: 4.489 Thread 0x00000245cb407780 DEOPT PACKING pc=0x00000245b38dea3f sp=0x0000006325bfc640
Event: 4.489 Thread 0x00000245cb407780 DEOPT UNPACKING pc=0x00000245bab26e43 sp=0x0000006325bfbb48 mode 0
Event: 4.521 Thread 0x00000245cba406a0 DEOPT PACKING pc=0x00000245b3d8f30c sp=0x0000006326cfe5f0
Event: 4.521 Thread 0x00000245cba406a0 DEOPT UNPACKING pc=0x00000245bab26e43 sp=0x0000006326cfdb70 mode 0
Event: 4.522 Thread 0x00000245cb407780 DEOPT PACKING pc=0x00000245b38dea3f sp=0x0000006325bfbb30
Event: 4.522 Thread 0x00000245cb407780 DEOPT UNPACKING pc=0x00000245bab26e43 sp=0x0000006325bfb038 mode 0
Event: 4.522 Thread 0x00000245cb407270 DEOPT PACKING pc=0x00000245b3fcff6d sp=0x0000006325efe910
Event: 4.522 Thread 0x00000245cb407270 DEOPT UNPACKING pc=0x00000245bab26e43 sp=0x0000006325efdea0 mode 0
Event: 4.584 Thread 0x00000245cb407780 DEOPT PACKING pc=0x00000245b38dea3f sp=0x0000006325bfbb30
Event: 4.584 Thread 0x00000245cb407780 DEOPT UNPACKING pc=0x00000245bab26e43 sp=0x0000006325bfb038 mode 0
Event: 4.591 Thread 0x00000245cba406a0 DEOPT PACKING pc=0x00000245b399d1fd sp=0x0000006326cfe730
Event: 4.591 Thread 0x00000245cba406a0 DEOPT UNPACKING pc=0x00000245bab26e43 sp=0x0000006326cfdc10 mode 0
Event: 4.594 Thread 0x00000245cba406a0 DEOPT PACKING pc=0x00000245b35aebaa sp=0x0000006326cfe7f0
Event: 4.594 Thread 0x00000245cba406a0 DEOPT UNPACKING pc=0x00000245bab26e43 sp=0x0000006326cfdd10 mode 0

Classes loaded (20 events):
Event: 4.593 Loading class sun/security/ssl/SSLExtension$ClientExtensions
Event: 4.593 Loading class sun/security/ssl/SSLExtension$ClientExtensions done
Event: 4.594 Loading class sun/security/ssl/ServerNameExtension$CHServerNamesSpec
Event: 4.594 Loading class sun/security/ssl/SSLExtension$SSLExtensionSpec
Event: 4.594 Loading class sun/security/ssl/SSLExtension$SSLExtensionSpec done
Event: 4.594 Loading class sun/security/ssl/ServerNameExtension$CHServerNamesSpec done
Event: 4.594 Loading class sun/security/ssl/CertStatusExtension$CertStatusRequestSpec
Event: 4.594 Loading class sun/security/ssl/CertStatusExtension$CertStatusRequestSpec done
Event: 4.594 Loading class sun/security/ssl/CertStatusExtension$OCSPStatusRequest
Event: 4.594 Loading class sun/security/ssl/CertStatusExtension$CertStatusRequest
Event: 4.594 Loading class sun/security/ssl/CertStatusExtension$CertStatusRequest done
Event: 4.594 Loading class sun/security/ssl/CertStatusExtension$OCSPStatusRequest done
Event: 4.594 Loading class sun/security/ssl/CertStatusExtension$CertStatusRequestType
Event: 4.595 Loading class sun/security/ssl/CertStatusExtension$CertStatusRequestType done
Event: 4.595 Loading class sun/security/ssl/SupportedGroupsExtension$SupportedGroupsSpec
Event: 4.595 Loading class sun/security/ssl/SupportedGroupsExtension$SupportedGroupsSpec done
Event: 4.596 Loading class sun/security/ssl/ECPointFormatsExtension$ECPointFormatsSpec
Event: 4.596 Loading class sun/security/ssl/ECPointFormatsExtension$ECPointFormatsSpec done
Event: 4.596 Loading class sun/security/ssl/ECPointFormatsExtension$ECPointFormat
Event: 4.596 Loading class sun/security/ssl/ECPointFormatsExtension$ECPointFormat done

Classes unloaded (7 events):
Event: 2.531 Thread 0x00000245b09b7b70 Unloading class 0x0000000100250400 'java/lang/invoke/LambdaForm$MH+0x0000000100250400'
Event: 2.531 Thread 0x00000245b09b7b70 Unloading class 0x0000000100250000 'java/lang/invoke/LambdaForm$MH+0x0000000100250000'
Event: 2.531 Thread 0x00000245b09b7b70 Unloading class 0x000000010024fc00 'java/lang/invoke/LambdaForm$MH+0x000000010024fc00'
Event: 2.531 Thread 0x00000245b09b7b70 Unloading class 0x000000010024f800 'java/lang/invoke/LambdaForm$MH+0x000000010024f800'
Event: 2.531 Thread 0x00000245b09b7b70 Unloading class 0x000000010024f400 'java/lang/invoke/LambdaForm$BMH+0x000000010024f400'
Event: 2.531 Thread 0x00000245b09b7b70 Unloading class 0x000000010024f000 'java/lang/invoke/LambdaForm$DMH+0x000000010024f000'
Event: 2.531 Thread 0x00000245b09b7b70 Unloading class 0x000000010024c400 'java/lang/invoke/LambdaForm$DMH+0x000000010024c400'

Classes redefined (0 events):
No events

Internal exceptions (20 events):
Event: 4.589 Thread 0x00000245cba406a0 Exception <a 'sun/nio/fs/WindowsException'{0x00000000eada3ab8}> (0x00000000eada3ab8) 
thrown [s\src\hotspot\share\prims\jni.cpp, line 516]
Event: 4.589 Thread 0x00000245cba406a0 Exception <a 'sun/nio/fs/WindowsException'{0x00000000eada41e8}> (0x00000000eada41e8) 
thrown [s\src\hotspot\share\prims\jni.cpp, line 516]
Event: 4.589 Thread 0x00000245cba406a0 Exception <a 'sun/nio/fs/WindowsException'{0x00000000eada9e38}> (0x00000000eada9e38) 
thrown [s\src\hotspot\share\prims\jni.cpp, line 516]
Event: 4.589 Thread 0x00000245cba406a0 Exception <a 'sun/nio/fs/WindowsException'{0x00000000eadaa550}> (0x00000000eadaa550) 
thrown [s\src\hotspot\share\prims\jni.cpp, line 516]
Event: 4.590 Thread 0x00000245cba406a0 Exception <a 'sun/nio/fs/WindowsException'{0x00000000eadaac68}> (0x00000000eadaac68) 
thrown [s\src\hotspot\share\prims\jni.cpp, line 516]
Event: 4.590 Thread 0x00000245cba406a0 Exception <a 'sun/nio/fs/WindowsException'{0x00000000eadab398}> (0x00000000eadab398) 
thrown [s\src\hotspot\share\prims\jni.cpp, line 516]
Event: 4.590 Thread 0x00000245cba406a0 Exception <a 'sun/nio/fs/WindowsException'{0x00000000eadb1698}> (0x00000000eadb1698) 
thrown [s\src\hotspot\share\prims\jni.cpp, line 516]
Event: 4.591 Thread 0x00000245cba406a0 Exception <a 'sun/nio/fs/WindowsException'{0x00000000eae7e790}> (0x00000000eae7e790) 
thrown [s\src\hotspot\share\prims\jni.cpp, line 516]
Event: 4.591 Thread 0x00000245cba406a0 Exception <a 'sun/nio/fs/WindowsException'{0x00000000eae83a18}> (0x00000000eae83a18) 
thrown [s\src\hotspot\share\prims\jni.cpp, line 516]
Event: 4.591 Thread 0x00000245cba406a0 Exception <a 'sun/nio/fs/WindowsException'{0x00000000eae88f58}> (0x00000000eae88f58) 
thrown [s\src\hotspot\share\prims\jni.cpp, line 516]
Event: 4.592 Thread 0x00000245cba406a0 Exception <a 'sun/nio/fs/WindowsException'{0x00000000eae8e728}> (0x00000000eae8e728) 
thrown [s\src\hotspot\share\prims\jni.cpp, line 516]
Event: 4.592 Thread 0x00000245cba406a0 Exception <a 'sun/nio/fs/WindowsException'{0x00000000eae93ef0}> (0x00000000eae93ef0) 
thrown [s\src\hotspot\share\prims\jni.cpp, line 516]
Event: 4.593 Thread 0x00000245cba406a0 Exception <a 'sun/nio/fs/WindowsException'{0x00000000eaebe628}> (0x00000000eaebe628) 
thrown [s\src\hotspot\share\prims\jni.cpp, line 516]
Event: 4.593 Thread 0x00000245cba406a0 Exception <a 'sun/nio/fs/WindowsException'{0x00000000eaec3918}> (0x00000000eaec3918) 
thrown [s\src\hotspot\share\prims\jni.cpp, line 516]
Event: 4.594 Thread 0x00000245cba406a0 Exception <a 'sun/nio/fs/WindowsException'{0x00000000eaec8ba0}> (0x00000000eaec8ba0) 
thrown [s\src\hotspot\share\prims\jni.cpp, line 516]
Event: 4.594 Thread 0x00000245cba406a0 Exception <a 'sun/nio/fs/WindowsException'{0x00000000eaece0e0}> (0x00000000eaece0e0) 
thrown [s\src\hotspot\share\prims\jni.cpp, line 516]
Event: 4.595 Thread 0x00000245cba406a0 Exception <a 'sun/nio/fs/WindowsException'{0x00000000eaef8818}> (0x00000000eaef8818) 
thrown [s\src\hotspot\share\prims\jni.cpp, line 516]
Event: 4.595 Thread 0x00000245cba406a0 Exception <a 'sun/nio/fs/WindowsException'{0x00000000eaefdfe0}> (0x00000000eaefdfe0) 
thrown [s\src\hotspot\share\prims\jni.cpp, line 516]
Event: 4.596 Thread 0x00000245cba406a0 Exception <a 'sun/nio/fs/WindowsException'{0x00000000eaf03788}> (0x00000000eaf03788) 
thrown [s\src\hotspot\share\prims\jni.cpp, line 516]
Event: 4.596 Thread 0x00000245cba406a0 Exception <a 'sun/nio/fs/WindowsException'{0x00000000eaf08a78}> (0x00000000eaf08a78) 
thrown [s\src\hotspot\share\prims\jni.cpp, line 516]

VM Operations (20 events):
Event: 4.215 Executing VM operation: HandshakeAllThreads
Event: 4.215 Executing VM operation: HandshakeAllThreads done
Event: 4.279 Executing VM operation: ParallelGCFailedAllocation
Event: 4.279 Executing VM operation: ParallelGCFailedAllocation done
Event: 4.279 Executing VM operation: ParallelGCSystemGC
Event: 4.282 Executing VM operation: ParallelGCSystemGC done
Event: 4.316 Executing VM operation: HandshakeAllThreads
Event: 4.316 Executing VM operation: HandshakeAllThreads done
Event: 4.337 Executing VM operation: HandshakeAllThreads
Event: 4.337 Executing VM operation: HandshakeAllThreads done
Event: 4.379 Executing VM operation: ParallelGCFailedAllocation
Event: 4.412 Executing VM operation: ParallelGCFailedAllocation done
Event: 4.488 Executing VM operation: HandshakeAllThreads
Event: 4.488 Executing VM operation: HandshakeAllThreads done
Event: 4.508 Executing VM operation: ParallelGCFailedAllocation
Event: 4.513 Executing VM operation: ParallelGCFailedAllocation done
Event: 4.517 Executing VM operation: HandshakeAllThreads
Event: 4.520 Executing VM operation: HandshakeAllThreads done
Event: 4.525 Executing VM operation: CollectForMetadataAllocation
Event: 4.578 Executing VM operation: CollectForMetadataAllocation done

Events (20 events):
Event: 3.538 Thread 0x00000245c9f7bda0 flushing nmethod 0x00000245b400b310
Event: 3.538 Thread 0x00000245c9f7bda0 flushing nmethod 0x00000245b4010390
Event: 3.538 Thread 0x00000245c9f7bda0 flushing nmethod 0x00000245b4018810
Event: 3.538 Thread 0x00000245c9f7bda0 flushing nmethod 0x00000245b401e710
Event: 3.538 Thread 0x00000245c9f7bda0 flushing nmethod 0x00000245b401ea90
Event: 3.538 Thread 0x00000245c9f7bda0 flushing nmethod 0x00000245b402e610
Event: 3.538 Thread 0x00000245c9f7bda0 flushing nmethod 0x00000245b402fa10
Event: 3.538 Thread 0x00000245c9f7bda0 flushing nmethod 0x00000245b403b290
Event: 3.538 Thread 0x00000245c9f7bda0 flushing nmethod 0x00000245b403e610
Event: 3.538 Thread 0x00000245c9f7bda0 flushing nmethod 0x00000245b403f410
Event: 3.538 Thread 0x00000245c9f7bda0 flushing nmethod 0x00000245b403f810
Event: 3.538 Thread 0x00000245c9f7bda0 flushing nmethod 0x00000245b403fb90
Event: 3.538 Thread 0x00000245c9f7bda0 flushing nmethod 0x00000245b4043590
Event: 3.538 Thread 0x00000245c9f7bda0 flushing nmethod 0x00000245b4044790
Event: 3.538 Thread 0x00000245c9f7bda0 flushing nmethod 0x00000245b404b610
Event: 3.538 Thread 0x00000245c9f7bda0 flushing nmethod 0x00000245b404e610
Event: 3.538 Thread 0x00000245c9f7bda0 flushing nmethod 0x00000245b404e990
Event: 3.538 Thread 0x00000245c9f7bda0 flushing nmethod 0x00000245b404f110
Event: 3.538 Thread 0x00000245c9f7bda0 flushing nmethod 0x00000245b4050910
Event: 3.538 Thread 0x00000245c9f7bda0 flushing nmethod 0x00000245b409e510


Dynamic libraries:
0x00007ff7bb570000 - 0x00007ff7bb57e000 	c:\Users\nocturno\.vscode\extensions\redhat.java-1.35.1-win32-x64\jre\17.0.12-win32-x86_64\bin\java.exe
0x00007ffe83f90000 - 0x00007ffe841a7000 	C:\Windows\SYSTEM32\ntdll.dll
0x00007ffe82980000 - 0x00007ffe82a44000 	C:\Windows\System32\KERNEL32.DLL
0x00007ffe812a0000 - 0x00007ffe81657000 	C:\Windows\System32\KERNELBASE.dll
0x00007ffe818f0000 - 0x00007ffe81a01000 	C:\Windows\System32\ucrtbase.dll
0x00007ffe5a2d0000 - 0x00007ffe5a2eb000 	c:\Users\nocturno\.vscode\extensions\redhat.java-1.35.1-win32-x64\jre\17.0.12-win32-x86_64\bin\VCRUNTIME140.dll
0x00007ffe5b3c0000 - 0x00007ffe5b3d7000 	c:\Users\nocturno\.vscode\extensions\redhat.java-1.35.1-win32-x64\jre\17.0.12-win32-x86_64\bin\jli.dll
0x00007ffe82a50000 - 0x00007ffe82bff000 	C:\Windows\System32\USER32.dll
0x00007ffe63b00000 - 0x00007ffe63d93000 	C:\Windows\WinSxS\amd64_microsoft.windows.common-controls_6595b64144ccf1df_6.0.22621.3672_none_2713b9d173822955\COMCTL32.dll
0x00007ffe81a90000 - 0x00007ffe81ab6000 	C:\Windows\System32\win32u.dll
0x00007ffe82760000 - 0x00007ffe82807000 	C:\Windows\System32\msvcrt.dll
0x00007ffe81d70000 - 0x00007ffe81d99000 	C:\Windows\System32\GDI32.dll
0x00007ffe817d0000 - 0x00007ffe818e8000 	C:\Windows\System32\gdi32full.dll
0x00007ffe81b80000 - 0x00007ffe81c1a000 	C:\Windows\System32\msvcp_win.dll
0x00007ffe83c00000 - 0x00007ffe83c31000 	C:\Windows\System32\IMM32.DLL
0x00007ffe74cd0000 - 0x00007ffe74cdc000 	c:\Users\nocturno\.vscode\extensions\redhat.java-1.35.1-win32-x64\jre\17.0.12-win32-x86_64\bin\vcruntime140_1.dll
0x00007ffe4cee0000 - 0x00007ffe4cf6d000 	c:\Users\nocturno\.vscode\extensions\redhat.java-1.35.1-win32-x64\jre\17.0.12-win32-x86_64\bin\msvcp140.dll
0x00007ffe29210000 - 0x00007ffe29e7a000 	c:\Users\nocturno\.vscode\extensions\redhat.java-1.35.1-win32-x64\jre\17.0.12-win32-x86_64\bin\server\jvm.dll
0x00007ffe828c0000 - 0x00007ffe82972000 	C:\Windows\System32\ADVAPI32.dll
0x00007ffe81cc0000 - 0x00007ffe81d68000 	C:\Windows\System32\sechost.dll
0x00007ffe81c20000 - 0x00007ffe81c48000 	C:\Windows\System32\bcrypt.dll
0x00007ffe83c40000 - 0x00007ffe83d54000 	C:\Windows\System32\RPCRT4.dll
0x00007ffe830e0000 - 0x00007ffe83151000 	C:\Windows\System32\WS2_32.dll
0x00007ffe81180000 - 0x00007ffe811cd000 	C:\Windows\SYSTEM32\POWRPROF.dll
0x00007ffe769d0000 - 0x00007ffe76a04000 	C:\Windows\SYSTEM32\WINMM.dll
0x00007ffe7c240000 - 0x00007ffe7c24a000 	C:\Windows\SYSTEM32\VERSION.dll
0x00007ffe81150000 - 0x00007ffe81163000 	C:\Windows\SYSTEM32\UMPDC.dll
0x00007ffe802b0000 - 0x00007ffe802c8000 	C:\Windows\SYSTEM32\kernel.appcore.dll
0x00007ffe72ff0000 - 0x00007ffe72ffa000 	c:\Users\nocturno\.vscode\extensions\redhat.java-1.35.1-win32-x64\jre\17.0.12-win32-x86_64\bin\jimage.dll
0x00007ffe74930000 - 0x00007ffe74b62000 	C:\Windows\SYSTEM32\DBGHELP.DLL
0x00007ffe83310000 - 0x00007ffe8369e000 	C:\Windows\System32\combase.dll
0x00007ffe836a0000 - 0x00007ffe83777000 	C:\Windows\System32\OLEAUT32.dll
0x00007ffe73790000 - 0x00007ffe737c2000 	C:\Windows\SYSTEM32\dbgcore.DLL
0x00007ffe81a10000 - 0x00007ffe81a8b000 	C:\Windows\System32\bcryptPrimitives.dll
0x00007ffe72fa0000 - 0x00007ffe72fae000 	c:\Users\nocturno\.vscode\extensions\redhat.java-1.35.1-win32-x64\jre\17.0.12-win32-x86_64\bin\instrument.dll
0x00007ffe5a2a0000 - 0x00007ffe5a2c5000 	c:\Users\nocturno\.vscode\extensions\redhat.java-1.35.1-win32-x64\jre\17.0.12-win32-x86_64\bin\java.dll
0x00007ffe58ff0000 - 0x00007ffe59008000 	c:\Users\nocturno\.vscode\extensions\redhat.java-1.35.1-win32-x64\jre\17.0.12-win32-x86_64\bin\zip.dll
0x00007ffe81ef0000 - 0x00007ffe82759000 	C:\Windows\System32\SHELL32.dll
0x00007ffe7f1c0000 - 0x00007ffe7fabf000 	C:\Windows\SYSTEM32\windows.storage.dll
0x00007ffe7f080000 - 0x00007ffe7f1bf000 	C:\Windows\SYSTEM32\wintypes.dll
0x00007ffe83da0000 - 0x00007ffe83e99000 	C:\Windows\System32\SHCORE.dll
0x00007ffe83ba0000 - 0x00007ffe83bfe000 	C:\Windows\System32\shlwapi.dll
0x00007ffe811d0000 - 0x00007ffe811f7000 	C:\Windows\SYSTEM32\profapi.dll
0x00007ffe58fd0000 - 0x00007ffe58fe9000 	C:\Users\nocturno\.vscode\extensions\redhat.java-1.35.1-win32-x64\jre\17.0.12-win32-x86_64\bin\net.dll
0x00007ffe7b690000 - 0x00007ffe7b7c6000 	C:\Windows\SYSTEM32\WINHTTP.dll
0x00007ffe80710000 - 0x00007ffe80779000 	C:\Windows\system32\mswsock.dll
0x00007ffe56a00000 - 0x00007ffe56a16000 	C:\Users\nocturno\.vscode\extensions\redhat.java-1.35.1-win32-x64\jre\17.0.12-win32-x86_64\bin\nio.dll
0x00007ffe721a0000 - 0x00007ffe721b0000 	c:\Users\nocturno\.vscode\extensions\redhat.java-1.35.1-win32-x64\jre\17.0.12-win32-x86_64\bin\verify.dll
0x00007ffe4ddd0000 - 0x00007ffe4de15000 	C:\Users\nocturno\AppData\Roaming\Code\User\globalStorage\redhat.java\1.35.1\config_win\org.eclipse.equinox.launcher\org.eclipse.equinox.launcher.win32.win32.x86_64_1.2.1100.v20240722-2106\eclipse_11904.dll
0x00007ffe83160000 - 0x00007ffe83305000 	C:\Windows\System32\ole32.dll
0x00007ffe80ad0000 - 0x00007ffe80aeb000 	C:\Windows\SYSTEM32\CRYPTSP.dll
0x00007ffe80210000 - 0x00007ffe80245000 	C:\Windows\system32\rsaenh.dll
0x00007ffe807b0000 - 0x00007ffe807d8000 	C:\Windows\SYSTEM32\USERENV.dll
0x00007ffe80a40000 - 0x00007ffe80a4c000 	C:\Windows\SYSTEM32\CRYPTBASE.dll
0x00007ffe7fd60000 - 0x00007ffe7fd8d000 	C:\Windows\SYSTEM32\IPHLPAPI.DLL
0x00007ffe83d60000 - 0x00007ffe83d69000 	C:\Windows\System32\NSI.dll
0x00007ffe7b3c0000 - 0x00007ffe7b3d9000 	C:\Windows\SYSTEM32\dhcpcsvc6.DLL
0x00007ffe7b3a0000 - 0x00007ffe7b3bf000 	C:\Windows\SYSTEM32\dhcpcsvc.DLL
0x00007ffe7fde0000 - 0x00007ffe7fee2000 	C:\Windows\SYSTEM32\DNSAPI.dll
0x00007ffe4d170000 - 0x00007ffe4d1b9000 	C:\Users\nocturno\AppData\Local\Temp\jna-1109282320\jna3158952389068591562.dll
0x00007ffe83940000 - 0x00007ffe83948000 	C:\Windows\System32\PSAPI.DLL
0x00007ffe70bb0000 - 0x00007ffe70bbe000 	C:\Users\nocturno\.vscode\extensions\redhat.java-1.35.1-win32-x64\jre\17.0.12-win32-x86_64\bin\sunmscapi.dll
0x00007ffe81660000 - 0x00007ffe817c6000 	C:\Windows\System32\CRYPT32.dll
0x00007ffe80aa0000 - 0x00007ffe80ace000 	C:\Windows\SYSTEM32\ncrypt.dll
0x00007ffe80a60000 - 0x00007ffe80a97000 	C:\Windows\SYSTEM32\NTASN1.dll
0x00007ffe794c0000 - 0x00007ffe794ca000 	C:\Windows\System32\rasadhlp.dll
0x00007ffe79ee0000 - 0x00007ffe79f63000 	C:\Windows\System32\fwpuclnt.dll
0x00007ffe703d0000 - 0x00007ffe703d9000 	C:\Users\nocturno\.vscode\extensions\redhat.java-1.35.1-win32-x64\jre\17.0.12-win32-x86_64\bin\extnet.dll

dbghelp: loaded successfully - version: 4.0.5 - missing functions: none
symbol engine: initialized successfully - sym options: 0x614 - pdb path: .;c:\Users\nocturno\.vscode\extensions\redhat.java-1.35.1-win32-x64\jre\17.0.12-win32-x86_64\bin;C:\Windows\SYSTEM32;C:\Windows\WinSxS\amd64_microsoft.windows.common-controls_6595b64144ccf1df_6.0.22621.3672_none_2713b9d173822955;c:\Users\nocturno\.vscode\extensions\redhat.java-1.35.1-win32-x64\jre\17.0.12-win32-x86_64\bin\server;C:\Users\nocturno\AppData\Roaming\Code\User\globalStorage\redhat.java\1.35.1\config_win\org.eclipse.equinox.launcher\org.eclipse.equinox.launcher.win32.win32.x86_64_1.2.1100.v20240722-2106;C:\Users\nocturno\AppData\Local\Temp\jna-1109282320

VM Arguments:
jvm_args: --add-modules=ALL-SYSTEM --add-opens=java.base/java.util=ALL-UNNAMED --add-opens=java.base/java.lang=ALL-UNNAMED --add-opens=java.base/sun.nio.fs=ALL-UNNAMED -Declipse.application=org.eclipse.jdt.ls.core.id1 -Dosgi.bundles.defaultStartLevel=4 -Declipse.product=org.eclipse.jdt.ls.core.product -Djava.import.generatesMetadataFilesAtProjectRoot=false -DDetectVMInstallationsJob.disabled=true -Dfile.encoding=utf8 -XX:+UseParallelGC -XX:GCTimeRatio=4 -XX:AdaptiveSizePolicyWeight=90 -Dsun.zip.disableMemoryMapping=true -Xmx1G -Xms100m -Xlog:disable -javaagent:c:\Users\nocturno\.vscode\extensions\redhat.java-1.35.1-win32-x64\lombok\lombok-1.18.33.jar -XX:+HeapDumpOnOutOfMemoryError -XX:HeapDumpPath=c:\Users\nocturno\AppData\Roaming\Code\User\workspaceStorage\1812e3faff74b5b2630cf6a06ffa5056\redhat.java -Daether.dependencyCollector.impl=bf 
java_command: c:\Users\nocturno\.vscode\extensions\redhat.java-1.35.1-win32-x64\server\plugins\org.eclipse.equinox.launcher_1.6.900.v20240613-2009.jar -configuration c:\Users\nocturno\AppData\Roaming\Code\User\globalStorage\redhat.java\1.35.1\config_win -data c:\Users\nocturno\AppData\Roaming\Code\User\workspaceStorage\1812e3faff74b5b2630cf6a06ffa5056\redhat.java\jdt_ws --pipe=\\.\pipe\lsp-aa2c6f8be027ec7c2737c608449359c8-sock
java_class_path (initial): c:\Users\nocturno\.vscode\extensions\redhat.java-1.35.1-win32-x64\server\plugins\org.eclipse.equinox.launcher_1.6.900.v20240613-2009.jar
Launcher Type: SUN_STANDARD

[Global flags]
    uintx AdaptiveSizePolicyWeight                 = 90                                        {product} {command line}
     intx CICompilerCount                          = 3                                         {product} {ergonomic}
    uintx GCTimeRatio                              = 4                                         {product} {command line}
     bool HeapDumpOnOutOfMemoryError               = true                                   {manageable} {command line}
    ccstr HeapDumpPath                             = c:\Users\nocturno\AppData\Roaming\Code\User\workspaceStorage\1812e3faff74b5b2630cf6a06ffa5056\redhat.java         {manageable} {command line}
   size_t InitialHeapSize                          = 104857600                                 {product} {command line}
   size_t MaxHeapSize                              = 1073741824                                {product} {command line}
   size_t MaxNewSize                               = 357564416                                 {product} {ergonomic}
   size_t MinHeapDeltaBytes                        = 524288                                    {product} {ergonomic}
   size_t MinHeapSize                              = 104857600                                 {product} {command line}
   size_t NewSize                                  = 34603008                                  {product} {ergonomic}
    uintx NonNMethodCodeHeapSize                   = 5832780                                {pd product} {ergonomic}
    uintx NonProfiledCodeHeapSize                  = 122912730                              {pd product} {ergonomic}
   size_t OldSize                                  = 70254592                                  {product} {ergonomic}
    uintx ProfiledCodeHeapSize                     = 122912730                              {pd product} {ergonomic}
    uintx ReservedCodeCacheSize                    = 251658240                              {pd product} {ergonomic}
     bool SegmentedCodeCache                       = true                                      {product} {ergonomic}
   size_t SoftMaxHeapSize                          = 1073741824                             {manageable} {ergonomic}
     bool UseCompressedClassPointers               = true                           {product lp64_product} {ergonomic}
     bool UseCompressedOops                        = true                           {product lp64_product} {ergonomic}
     bool UseLargePagesIndividualAllocation        = false                                  {pd product} {ergonomic}
     bool UseParallelGC                            = true                                      {product} {command line}

Logging:
Log output configuration:
 #0: stdout all=off uptime,level,tags
 #1: stderr all=off uptime,level,tags

Environment Variables:
JAVA_HOME=C:\Program Files\Java\jdk-22
CLASSPATH=.;C:\misclases
PATH=C:\Program Files\Common Files\Oracle\Java\javapath;C:\Program Files\Eclipse Adoptium\jre-21.0.3.9-hotspot\bin;C:\Program Files\Eclipse Adoptium\jdk-21.0.3.9-hotspot\bin;C:\Windows\system32;C:\Windows;C:\Windows\System32\Wbem;C:\Windows\System32\WindowsPowerShell\v1.0\;C:\Windows\System32\OpenSSH\;C:\Program Files\Microsoft VS Code\bin;C:\Program Files\Git\cmd;C:\Program Files (x86)\Microsoft SQL Server\160\Tools\Binn\;C:\Program Files\Microsoft SQL Server\160\Tools\Binn\;C:\Program Files\Microsoft SQL Server\Client SDK\ODBC\170\Tools\Binn\;C:\Program Files\Microsoft SQL Server\160\DTS\Binn\;C:\Program Files (x86)\Microsoft SQL Server\160\DTS\Binn\;C:\Program Files\Java\jdk-22\bin;C:\Program Files\apache-maven-3.9.6\bin;C:\Users\nocturno\AppData\Local\Microsoft\WindowsApps;
USERNAME=nocturno
OS=Windows_NT
PROCESSOR_IDENTIFIER=Intel64 Family 6 Model 158 Stepping 10, GenuineIntel
TMP=C:\Users\nocturno\AppData\Local\Temp
TEMP=C:\Users\nocturno\AppData\Local\Temp



Periodic native trim disabled


---------------  S Y S T E M  ---------------

OS:
 Windows 11 , 64 bit Build 22621 (10.0.22621.3958)
OS uptime: 4 days 10:06 hours
Hyper-V role detected

CPU: total 6 (initial active 6) (6 cores per cpu, 1 threads per core) family 6 model 158 stepping 10 microcode 0xf6, cx8, cmov, fxsr, mmx, 3dnowpref, sse, sse2, sse3, ssse3, sse4.1, sse4.2, popcnt, lzcnt, tsc, tscinvbit, avx, avx2, aes, erms, clmul, bmi1, bmi2, adx, fma, vzeroupper, clflush, clflushopt, hv
Processor Information for all 6 processors :
  Max Mhz: 2808, Current Mhz: 2808, Mhz Limit: 2808

Memory: 4k page, system-wide physical 16158M (1595M free)
TotalPageFile size 46988M (AvailPageFile size 7M)
current process WorkingSet (physical memory assigned to process): 266M, peak: 267M
current process commit charge ("private bytes"): 315M, peak: 321M

vm_info: OpenJDK 64-Bit Server VM (17.0.12+7) for windows-amd64 JRE (17.0.12+7), built on Jul 16 2024 22:08:24 by "admin" with MS VC++ 16.10 / 16.11 (VS2019)

END.
