#
# There is insufficient memory for the Java Runtime Environment to continue.
# Native memory allocation (malloc) failed to allocate 1934416 bytes. Error detail: Chunk::new
# Possible reasons:
#   The system is out of physical RAM or swap space
#   This process is running with CompressedOops enabled, and the Java Heap may be blocking the growth of the native heap
# Possible solutions:
#   Reduce memory load on the system
#   Increase physical memory or swap space
#   Check if swap backing store is full
#   Decrease Java heap size (-Xmx/-Xms)
#   Decrease number of Java threads
#   Decrease Java thread stack sizes (-Xss)
#   Set larger code cache with -XX:ReservedCodeCacheSize=
#   JVM is running with Unscaled Compressed Oops mode in which the Java heap is
#     placed in the first 4GB address space. The Java Heap base address is the
#     maximum limit for the native heap growth. Please use -XX:HeapBaseMinAddress
#     to set the Java Heap base and to place the Java Heap above 4GB virtual address.
# This output file may be truncated or incomplete.
#
#  Out of Memory Error (arena.cpp:191), pid=17856, tid=16600
#
# JRE version: OpenJDK Runtime Environment Temurin-17.0.12+7 (17.0.12+7) (build 17.0.12+7)
# Java VM: OpenJDK 64-Bit Server VM Temurin-17.0.12+7 (17.0.12+7, mixed mode, tiered, compressed oops, compressed class ptrs, parallel gc, windows-amd64)
# No core dump will be written. Minidumps are not enabled by default on client versions of Windows
#

---------------  S U M M A R Y ------------

Command Line: --add-modules=ALL-SYSTEM --add-opens=java.base/java.util=ALL-UNNAMED --add-opens=java.base/java.lang=ALL-UNNAMED --add-opens=java.base/sun.nio.fs=ALL-UNNAMED -Declipse.application=org.eclipse.jdt.ls.core.id1 -Dosgi.bundles.defaultStartLevel=4 -Declipse.product=org.eclipse.jdt.ls.core.product -Djava.import.generatesMetadataFilesAtProjectRoot=false -DDetectVMInstallationsJob.disabled=true -Dfile.encoding=utf8 -XX:+UseParallelGC -XX:GCTimeRatio=4 -XX:AdaptiveSizePolicyWeight=90 -Dsun.zip.disableMemoryMapping=true -Xmx1G -Xms100m -Xlog:disable -javaagent:c:\Users\nocturno\.vscode\extensions\redhat.java-1.35.1-win32-x64\lombok\lombok-1.18.33.jar -XX:+HeapDumpOnOutOfMemoryError -XX:HeapDumpPath=c:\Users\nocturno\AppData\Roaming\Code\User\workspaceStorage\1812e3faff74b5b2630cf6a06ffa5056\redhat.java -Daether.dependencyCollector.impl=bf c:\Users\nocturno\.vscode\extensions\redhat.java-1.35.1-win32-x64\server\plugins\org.eclipse.equinox.launcher_1.6.900.v20240613-2009.jar -configuration c:\Users\nocturno\AppData\Roaming\Code\User\globalStorage\redhat.java\1.35.1\config_win -data c:\Users\nocturno\AppData\Roaming\Code\User\workspaceStorage\1812e3faff74b5b2630cf6a06ffa5056\redhat.java\jdt_ws --pipe=\\.\pipe\lsp-564eb10da9402597754366da69f42bdf-sock

Host: Intel(R) Core(TM) i5-8400 CPU @ 2.80GHz, 6 cores, 15G,  Windows 11 , 64 bit Build 22621 (10.0.22621.3958)
Time: Mon Oct  7 19:39:38 2024 Hora de verano romance elapsed time: 12.767548 seconds (0d 0h 0m 12s)

---------------  T H R E A D  ---------------

Current thread (0x00000227a62a87e0):  JavaThread "C2 CompilerThread1" daemon [_thread_in_native, id=16600, stack(0x000000df3d300000,0x000000df3d400000)]


Current CompileTask:
C2:  12767 6335   !   4       org.eclipse.osgi.internal.loader.classpath.ClasspathManager::defineClass (636 bytes)

Stack: [0x000000df3d300000,0x000000df3d400000]
Native frames: (J=compiled Java code, j=interpreted, Vv=VM code, C=native code)
V  [jvm.dll+0x67f929]
V  [jvm.dll+0x8371ba]
V  [jvm.dll+0x838c7e]
V  [jvm.dll+0x8392e3]
V  [jvm.dll+0x24834f]
V  [jvm.dll+0xac9d4]
V  [jvm.dll+0xad01c]
V  [jvm.dll+0x367452]
V  [jvm.dll+0x1bd562]
V  [jvm.dll+0x21aa09]
V  [jvm.dll+0x219cf1]
V  [jvm.dll+0x1a58bd]
V  [jvm.dll+0x229a2d]
V  [jvm.dll+0x227bdc]
V  [jvm.dll+0x7ec1f7]
V  [jvm.dll+0x7e65dc]
V  [jvm.dll+0x67e7f7]
C  [ucrtbase.dll+0x29333]
C  [KERNEL32.DLL+0x1257d]
C  [ntdll.dll+0x5af08]


---------------  P R O C E S S  ---------------

Threads class SMR info:
_java_thread_list=0x00000227a80046f0, length=36, elements={
0x000002278c00af70, 0x000002279fe90020, 0x000002279fe91640, 0x000002279fe9ce80,
0x000002279fe9db10, 0x000002279fe9e8a0, 0x00000227a5563100, 0x00000227a5564f10,
0x000002278c0be950, 0x00000227a55f9cf0, 0x000002278c06b950, 0x00000227a57e9d50,
0x00000227a6090110, 0x00000227a6345db0, 0x00000227a5f85050, 0x00000227a66b2060,
0x00000227a681df80, 0x00000227a5e04c90, 0x00000227a62a87e0, 0x00000227a6593640,
0x00000227a65959b0, 0x00000227a6592c20, 0x00000227a6593130, 0x00000227a6593b50,
0x00000227a6594060, 0x00000227a6594570, 0x00000227a6594a80, 0x00000227a6592710,
0x00000227a6594f90, 0x00000227a65954a0, 0x00000227a6592200, 0x00000227a7a0e480,
0x00000227a7a102e0, 0x00000227a7a0d550, 0x00000227a7a0c620, 0x00000227a7a0f3b0
}

Java Threads: ( => current thread )
  0x000002278c00af70 JavaThread "main" [_thread_blocked, id=16504, stack(0x000000df3b900000,0x000000df3ba00000)]
  0x000002279fe90020 JavaThread "Reference Handler" daemon [_thread_blocked, id=8592, stack(0x000000df3bc00000,0x000000df3bd00000)]
  0x000002279fe91640 JavaThread "Finalizer" daemon [_thread_blocked, id=8776, stack(0x000000df3bd00000,0x000000df3be00000)]
  0x000002279fe9ce80 JavaThread "Signal Dispatcher" daemon [_thread_blocked, id=17636, stack(0x000000df3be00000,0x000000df3bf00000)]
  0x000002279fe9db10 JavaThread "Attach Listener" daemon [_thread_blocked, id=13984, stack(0x000000df3bf00000,0x000000df3c000000)]
  0x000002279fe9e8a0 JavaThread "Service Thread" daemon [_thread_blocked, id=17500, stack(0x000000df3c000000,0x000000df3c100000)]
  0x00000227a5563100 JavaThread "Monitor Deflation Thread" daemon [_thread_blocked, id=17924, stack(0x000000df3c100000,0x000000df3c200000)]
  0x00000227a5564f10 JavaThread "C2 CompilerThread0" daemon [_thread_in_native, id=13376, stack(0x000000df3c200000,0x000000df3c300000)]
  0x000002278c0be950 JavaThread "C1 CompilerThread0" daemon [_thread_in_vm, id=6556, stack(0x000000df3c300000,0x000000df3c400000)]
  0x00000227a55f9cf0 JavaThread "Sweeper thread" daemon [_thread_blocked, id=8576, stack(0x000000df3c400000,0x000000df3c500000)]
  0x000002278c06b950 JavaThread "Common-Cleaner" daemon [_thread_blocked, id=14764, stack(0x000000df3c500000,0x000000df3c600000)]
  0x00000227a57e9d50 JavaThread "Notification Thread" daemon [_thread_blocked, id=9264, stack(0x000000df3c700000,0x000000df3c800000)]
  0x00000227a6090110 JavaThread "Active Thread: Equinox Container: fc7f74ea-fded-47aa-bf6e-a58dc22444b8" [_thread_blocked, id=12816, stack(0x000000df3ce00000,0x000000df3cf00000)]
  0x00000227a6345db0 JavaThread "Framework Event Dispatcher: Equinox Container: fc7f74ea-fded-47aa-bf6e-a58dc22444b8" daemon [_thread_blocked, id=8832, stack(0x000000df3cf00000,0x000000df3d000000)]
  0x00000227a5f85050 JavaThread "Start Level: Equinox Container: fc7f74ea-fded-47aa-bf6e-a58dc22444b8" daemon [_thread_blocked, id=16216, stack(0x000000df3d000000,0x000000df3d100000)]
  0x00000227a66b2060 JavaThread "Bundle File Closer" daemon [_thread_blocked, id=1984, stack(0x000000df3c600000,0x000000df3c700000)]
  0x00000227a681df80 JavaThread "SCR Component Actor" daemon [_thread_blocked, id=6208, stack(0x000000df3d100000,0x000000df3d200000)]
  0x00000227a5e04c90 JavaThread "SCR Component Registry" daemon [_thread_blocked, id=13480, stack(0x000000df3d200000,0x000000df3d300000)]
=>0x00000227a62a87e0 JavaThread "C2 CompilerThread1" daemon [_thread_in_native, id=16600, stack(0x000000df3d300000,0x000000df3d400000)]
  0x00000227a6593640 JavaThread "Worker-JM" [_thread_blocked, id=10008, stack(0x000000df3d400000,0x000000df3d500000)]
  0x00000227a65959b0 JavaThread "JNA Cleaner" daemon [_thread_blocked, id=17332, stack(0x000000df3d500000,0x000000df3d600000)]
  0x00000227a6592c20 JavaThread "Worker-0" [_thread_blocked, id=8444, stack(0x000000df3d600000,0x000000df3d700000)]
  0x00000227a6593130 JavaThread "Worker-1: Loading available Gradle versions" [_thread_in_Java, id=3604, stack(0x000000df3d700000,0x000000df3d800000)]
  0x00000227a6593b50 JavaThread "Worker-2" [_thread_blocked, id=17160, stack(0x000000df3d800000,0x000000df3d900000)]
  0x00000227a6594060 JavaThread "Java indexing" daemon [_thread_blocked, id=7752, stack(0x000000df3d900000,0x000000df3da00000)]
  0x00000227a6594570 JavaThread "Thread-2" daemon [_thread_in_native, id=7616, stack(0x000000df3dc00000,0x000000df3dd00000)]
  0x00000227a6594a80 JavaThread "Thread-3" daemon [_thread_in_native, id=8756, stack(0x000000df3dd00000,0x000000df3de00000)]
  0x00000227a6592710 JavaThread "Thread-4" daemon [_thread_in_native, id=9616, stack(0x000000df3de00000,0x000000df3df00000)]
  0x00000227a6594f90 JavaThread "Thread-5" daemon [_thread_in_native, id=12900, stack(0x000000df3df00000,0x000000df3e000000)]
  0x00000227a65954a0 JavaThread "Thread-6" daemon [_thread_in_native, id=8072, stack(0x000000df3e000000,0x000000df3e100000)]
  0x00000227a6592200 JavaThread "Thread-7" daemon [_thread_in_native, id=4332, stack(0x000000df3e100000,0x000000df3e200000)]
  0x00000227a7a0e480 JavaThread "Thread-8" daemon [_thread_in_native, id=9140, stack(0x000000df3e200000,0x000000df3e300000)]
  0x00000227a7a102e0 JavaThread "pool-2-thread-1" [_thread_blocked, id=9856, stack(0x000000df3e300000,0x000000df3e400000)]
  0x00000227a7a0d550 JavaThread "WorkspaceEventsHandler" [_thread_blocked, id=13996, stack(0x000000df3e400000,0x000000df3e500000)]
  0x00000227a7a0c620 JavaThread "pool-1-thread-1" [_thread_blocked, id=5324, stack(0x000000df3e500000,0x000000df3e600000)]
  0x00000227a7a0f3b0 JavaThread "Worker-3: Initialize Workspace" [_thread_in_vm, id=8596, stack(0x000000df3e600000,0x000000df3e700000)]

Other Threads:
  0x000002279fe79870 VMThread "VM Thread" [stack: 0x000000df3bb00000,0x000000df3bc00000] [id=14204]
  0x00000227a57ea230 WatcherThread [stack: 0x000000df3c800000,0x000000df3c900000] [id=12708]
  0x000002278c01ea00 GCTaskThread "GC Thread#0" [stack: 0x000000df3ba00000,0x000000df3bb00000] [id=18160]
  0x00000227a6491d00 GCTaskThread "GC Thread#1" [stack: 0x000000df3c900000,0x000000df3ca00000] [id=6488]
  0x00000227a6350cc0 GCTaskThread "GC Thread#2" [stack: 0x000000df3ca00000,0x000000df3cb00000] [id=6480]
  0x00000227a5bc2670 GCTaskThread "GC Thread#3" [stack: 0x000000df3cb00000,0x000000df3cc00000] [id=17296]
  0x00000227a61fb660 GCTaskThread "GC Thread#4" [stack: 0x000000df3cc00000,0x000000df3cd00000] [id=18124]
  0x00000227a61fb920 GCTaskThread "GC Thread#5" [stack: 0x000000df3cd00000,0x000000df3ce00000] [id=10436]

Threads with active compile tasks:
C2 CompilerThread0    12835 6837       4       org.eclipse.jdt.internal.core.JarPackageFragmentRoot::initRawPackageInfo (292 bytes)
C1 CompilerThread0    12835 7023       2       sun.security.ec.ECOperations::setDouble (559 bytes)
C2 CompilerThread1    12835 6335   !   4       org.eclipse.osgi.internal.loader.classpath.ClasspathManager::defineClass (636 bytes)

VM state: not at safepoint (normal execution)

VM Mutex/Monitor currently owned by a thread:  ([mutex/lock_event])
[0x000002278c006ee0] CompiledIC_lock - owner thread: 0x0000000000000000

Heap address: 0x00000000c0000000, size: 1024 MB, Compressed Oops mode: 32-bit

CDS archive(s) not mapped
Compressed class space mapped at: 0x0000000100000000-0x0000000140000000, reserved size: 1073741824
Narrow klass base: 0x0000000000000000, Narrow klass shift: 3, Narrow klass range: 0x140000000

GC Precious Log:
 CPUs: 6 total, 6 available
 Memory: 16158M
 Large Page Support: Disabled
 NUMA Support: Disabled
 Compressed Oops: Enabled (32-bit)
 Alignments: Space 512K, Generation 512K, Heap 2M
 Heap Min Capacity: 100M
 Heap Initial Capacity: 100M
 Heap Max Capacity: 1G
 Pre-touch: Disabled
 Parallel Workers: 6

Heap:
 PSYoungGen      total 19968K, used 18192K [0x00000000eab00000, 0x00000000ec280000, 0x0000000100000000)
  eden space 18432K, 91% used [0x00000000eab00000,0x00000000ebb632f8,0x00000000ebd00000)
  from space 1536K, 91% used [0x00000000ec100000,0x00000000ec261000,0x00000000ec280000)
  to   space 1536K, 0% used [0x00000000ebf80000,0x00000000ebf80000,0x00000000ec100000)
 ParOldGen       total 68608K, used 33556K [0x00000000c0000000, 0x00000000c4300000, 0x00000000eab00000)
  object space 68608K, 48% used [0x00000000c0000000,0x00000000c20c5240,0x00000000c4300000)
 Metaspace       used 59782K, committed 60864K, reserved 1114112K
  class space    used 6466K, committed 6912K, reserved 1048576K

Card table byte_map: [0x000002278b9d0000,0x000002278bbe0000] _byte_map_base: 0x000002278b3d0000

Marking Bits: (ParMarkBitMap*) 0x00007ffe29db58b0
 Begin Bits: [0x000002279dca0000, 0x000002279eca0000)
 End Bits:   [0x000002279eca0000, 0x000002279fca0000)

Polling page: 0x000002278b7c0000

Metaspace:

Usage:
  Non-class:     52.07 MB used.
      Class:      6.31 MB used.
       Both:     58.38 MB used.

Virtual space:
  Non-class space:       64.00 MB reserved,      52.69 MB ( 82%) committed,  1 nodes.
      Class space:        1.00 GB reserved,       6.75 MB ( <1%) committed,  1 nodes.
             Both:        1.06 GB reserved,      59.44 MB (  5%) committed. 

Chunk freelists:
   Non-Class:  10.77 MB
       Class:  9.16 MB
        Both:  19.92 MB

MaxMetaspaceSize: unlimited
CompressedClassSpaceSize: 1.00 GB
Initial GC threshold: 21.00 MB
Current GC threshold: 97.31 MB
CDS: off
MetaspaceReclaimPolicy: balanced
 - commit_granule_bytes: 65536.
 - commit_granule_words: 8192.
 - virtual_space_node_default_size: 8388608.
 - enlarge_chunks_in_place: 1.
 - new_chunks_are_fully_committed: 0.
 - uncommit_free_chunks: 1.
 - use_allocation_guard: 0.
 - handle_deallocations: 1.


Internal statistics:

num_allocs_failed_limit: 9.
num_arena_births: 600.
num_arena_deaths: 14.
num_vsnodes_births: 2.
num_vsnodes_deaths: 0.
num_space_committed: 951.
num_space_uncommitted: 0.
num_chunks_returned_to_freelist: 23.
num_chunks_taken_from_freelist: 2746.
num_chunk_merges: 8.
num_chunk_splits: 1723.
num_chunks_enlarged: 1059.
num_inconsistent_stats: 0.

CodeHeap 'non-profiled nmethods': size=120000Kb used=2985Kb max_used=2985Kb free=117014Kb
 bounds [0x0000022796770000, 0x0000022796a60000, 0x000002279dca0000]
CodeHeap 'profiled nmethods': size=120000Kb used=12064Kb max_used=12064Kb free=107935Kb
 bounds [0x000002278eca0000, 0x000002278f870000, 0x00000227961d0000]
CodeHeap 'non-nmethods': size=5760Kb used=1349Kb max_used=1390Kb free=4410Kb
 bounds [0x00000227961d0000, 0x0000022796440000, 0x0000022796770000]
 total_blobs=6773 nmethods=6084 adapters=601
 compilation: enabled
              stopped_count=0, restarted_count=0
 full_count=0

Compilation events (20 events):
Event: 12.759 Thread 0x000002278c0be950 6866       2       sun.security.util.math.intpoly.IntegerPolynomial$MutableElement::setReduced (18 bytes)
Event: 12.759 Thread 0x000002278c0be950 nmethod 6866 0x000002278f816590 code [0x000002278f816720, 0x000002278f816868]
Event: 12.759 Thread 0x000002278c0be950 6862       2       sun.security.ec.point.ProjectivePoint$Mutable::conditionalSet (29 bytes)
Event: 12.759 Thread 0x000002278c0be950 nmethod 6862 0x000002278f816910 code [0x000002278f816ac0, 0x000002278f816cf8]
Event: 12.759 Thread 0x000002278c0be950 6876       2       sun.security.ec.point.ProjectivePoint$Mutable::conditionalSet (53 bytes)
Event: 12.759 Thread 0x000002278c0be950 nmethod 6876 0x000002278f816e10 code [0x000002278f817000, 0x000002278f817468]
Event: 12.759 Thread 0x000002278c0be950 6884       2       java.math.BigInteger::<init> (77 bytes)
Event: 12.759 Thread 0x000002278c0be950 nmethod 6884 0x000002278f817790 code [0x000002278f817920, 0x000002278f817bf8]
Event: 12.759 Thread 0x000002278c0be950 6885   !   2       org.eclipse.jdt.internal.compiler.util.JRTUtil::getJrtSystem (72 bytes)
Event: 12.759 Thread 0x00000227a5564f10 nmethod 6845% 0x0000022796a58e10 code [0x0000022796a58fa0, 0x0000022796a597f8]
Event: 12.760 Thread 0x000002278c0be950 nmethod 6885 0x000002278f817d10 code [0x000002278f817f00, 0x000002278f8182a8]
Event: 12.760 Thread 0x000002278c0be950 6886   !   2       org.eclipse.jdt.internal.compiler.util.Jdk::<init> (46 bytes)
Event: 12.760 Thread 0x00000227a5564f10 6837       4       org.eclipse.jdt.internal.core.JarPackageFragmentRoot::initRawPackageInfo (292 bytes)
Event: 12.760 Thread 0x000002278c0be950 nmethod 6886 0x000002278f818590 code [0x000002278f818740, 0x000002278f818968]
Event: 12.760 Thread 0x000002278c0be950 6887       2       org.eclipse.jdt.internal.compiler.util.Jdk::toJdkHome (46 bytes)
Event: 12.760 Thread 0x000002278c0be950 nmethod 6887 0x000002278f818b10 code [0x000002278f818d00, 0x000002278f818f28]
Event: 12.760 Thread 0x000002278c0be950 6888       2       org.eclipse.jdt.internal.compiler.util.JRTUtil$$Lambda$248/0x00000001003ba268::<init> (20 bytes)
Event: 12.760 Thread 0x000002278c0be950 nmethod 6888 0x000002278f819090 code [0x000002278f819220, 0x000002278f819358]
Event: 12.761 Thread 0x000002278c0be950 6889       2       org.eclipse.jdt.core.JavaConventions::scanForRestrictedKeyWords (137 bytes)
Event: 12.762 Thread 0x000002278c0be950 nmethod 6889 0x000002278f819410 code [0x000002278f819640, 0x000002278f819b28]

GC Heap History (20 events):
Event: 11.061 GC heap before
{Heap before GC invocations=21 (full 2):
 PSYoungGen      total 23552K, used 23264K [0x00000000eab00000, 0x00000000ec400000, 0x0000000100000000)
  eden space 21504K, 100% used [0x00000000eab00000,0x00000000ec000000,0x00000000ec000000)
  from space 2048K, 85% used [0x00000000ec200000,0x00000000ec3b8000,0x00000000ec400000)
  to   space 2048K, 0% used [0x00000000ec000000,0x00000000ec000000,0x00000000ec200000)
 ParOldGen       total 68608K, used 24139K [0x00000000c0000000, 0x00000000c4300000, 0x00000000eab00000)
  object space 68608K, 35% used [0x00000000c0000000,0x00000000c1792e70,0x00000000c4300000)
 Metaspace       used 43588K, committed 44480K, reserved 1114112K
  class space    used 4429K, committed 4800K, reserved 1048576K
}
Event: 11.064 GC heap after
{Heap after GC invocations=21 (full 2):
 PSYoungGen      total 23552K, used 1952K [0x00000000eab00000, 0x00000000ec400000, 0x0000000100000000)
  eden space 21504K, 0% used [0x00000000eab00000,0x00000000eab00000,0x00000000ec000000)
  from space 2048K, 95% used [0x00000000ec000000,0x00000000ec1e8010,0x00000000ec200000)
  to   space 2048K, 0% used [0x00000000ec200000,0x00000000ec200000,0x00000000ec400000)
 ParOldGen       total 68608K, used 25771K [0x00000000c0000000, 0x00000000c4300000, 0x00000000eab00000)
  object space 68608K, 37% used [0x00000000c0000000,0x00000000c192ae70,0x00000000c4300000)
 Metaspace       used 43588K, committed 44480K, reserved 1114112K
  class space    used 4429K, committed 4800K, reserved 1048576K
}
Event: 11.085 GC heap before
{Heap before GC invocations=22 (full 2):
 PSYoungGen      total 23552K, used 23456K [0x00000000eab00000, 0x00000000ec400000, 0x0000000100000000)
  eden space 21504K, 100% used [0x00000000eab00000,0x00000000ec000000,0x00000000ec000000)
  from space 2048K, 95% used [0x00000000ec000000,0x00000000ec1e8010,0x00000000ec200000)
  to   space 2048K, 0% used [0x00000000ec200000,0x00000000ec200000,0x00000000ec400000)
 ParOldGen       total 68608K, used 25771K [0x00000000c0000000, 0x00000000c4300000, 0x00000000eab00000)
  object space 68608K, 37% used [0x00000000c0000000,0x00000000c192ae70,0x00000000c4300000)
 Metaspace       used 43814K, committed 44800K, reserved 1114112K
  class space    used 4452K, committed 4864K, reserved 1048576K
}
Event: 11.088 GC heap after
{Heap after GC invocations=22 (full 2):
 PSYoungGen      total 23552K, used 1472K [0x00000000eab00000, 0x00000000ec400000, 0x0000000100000000)
  eden space 21504K, 0% used [0x00000000eab00000,0x00000000eab00000,0x00000000ec000000)
  from space 2048K, 71% used [0x00000000ec200000,0x00000000ec370000,0x00000000ec400000)
  to   space 2048K, 0% used [0x00000000ec000000,0x00000000ec000000,0x00000000ec200000)
 ParOldGen       total 68608K, used 27651K [0x00000000c0000000, 0x00000000c4300000, 0x00000000eab00000)
  object space 68608K, 40% used [0x00000000c0000000,0x00000000c1b00e80,0x00000000c4300000)
 Metaspace       used 43814K, committed 44800K, reserved 1114112K
  class space    used 4452K, committed 4864K, reserved 1048576K
}
Event: 11.175 GC heap before
{Heap before GC invocations=23 (full 2):
 PSYoungGen      total 23552K, used 22948K [0x00000000eab00000, 0x00000000ec400000, 0x0000000100000000)
  eden space 21504K, 99% used [0x00000000eab00000,0x00000000ebff9210,0x00000000ec000000)
  from space 2048K, 71% used [0x00000000ec200000,0x00000000ec370000,0x00000000ec400000)
  to   space 2048K, 0% used [0x00000000ec000000,0x00000000ec000000,0x00000000ec200000)
 ParOldGen       total 68608K, used 27651K [0x00000000c0000000, 0x00000000c4300000, 0x00000000eab00000)
  object space 68608K, 40% used [0x00000000c0000000,0x00000000c1b00e80,0x00000000c4300000)
 Metaspace       used 45963K, committed 46848K, reserved 1114112K
  class space    used 4698K, committed 5056K, reserved 1048576K
}
Event: 11.177 GC heap after
{Heap after GC invocations=23 (full 2):
 PSYoungGen      total 22528K, used 966K [0x00000000eab00000, 0x00000000ec300000, 0x0000000100000000)
  eden space 21504K, 0% used [0x00000000eab00000,0x00000000eab00000,0x00000000ec000000)
  from space 1024K, 94% used [0x00000000ec000000,0x00000000ec0f1aa0,0x00000000ec100000)
  to   space 1536K, 0% used [0x00000000ec180000,0x00000000ec180000,0x00000000ec300000)
 ParOldGen       total 68608K, used 29027K [0x00000000c0000000, 0x00000000c4300000, 0x00000000eab00000)
  object space 68608K, 42% used [0x00000000c0000000,0x00000000c1c58e80,0x00000000c4300000)
 Metaspace       used 45963K, committed 46848K, reserved 1114112K
  class space    used 4698K, committed 5056K, reserved 1048576K
}
Event: 11.318 GC heap before
{Heap before GC invocations=24 (full 2):
 PSYoungGen      total 22528K, used 22470K [0x00000000eab00000, 0x00000000ec300000, 0x0000000100000000)
  eden space 21504K, 100% used [0x00000000eab00000,0x00000000ec000000,0x00000000ec000000)
  from space 1024K, 94% used [0x00000000ec000000,0x00000000ec0f1aa0,0x00000000ec100000)
  to   space 1536K, 0% used [0x00000000ec180000,0x00000000ec180000,0x00000000ec300000)
 ParOldGen       total 68608K, used 29027K [0x00000000c0000000, 0x00000000c4300000, 0x00000000eab00000)
  object space 68608K, 42% used [0x00000000c0000000,0x00000000c1c58e80,0x00000000c4300000)
 Metaspace       used 47574K, committed 48576K, reserved 1114112K
  class space    used 4912K, committed 5312K, reserved 1048576K
}
Event: 11.319 GC heap after
{Heap after GC invocations=24 (full 2):
 PSYoungGen      total 22528K, used 807K [0x00000000eab00000, 0x00000000ec280000, 0x0000000100000000)
  eden space 21504K, 0% used [0x00000000eab00000,0x00000000eab00000,0x00000000ec000000)
  from space 1024K, 78% used [0x00000000ec180000,0x00000000ec249c10,0x00000000ec280000)
  to   space 1024K, 0% used [0x00000000ec000000,0x00000000ec000000,0x00000000ec100000)
 ParOldGen       total 68608K, used 29694K [0x00000000c0000000, 0x00000000c4300000, 0x00000000eab00000)
  object space 68608K, 43% used [0x00000000c0000000,0x00000000c1cffb60,0x00000000c4300000)
 Metaspace       used 47574K, committed 48576K, reserved 1114112K
  class space    used 4912K, committed 5312K, reserved 1048576K
}
Event: 11.663 GC heap before
{Heap before GC invocations=25 (full 2):
 PSYoungGen      total 22528K, used 22311K [0x00000000eab00000, 0x00000000ec280000, 0x0000000100000000)
  eden space 21504K, 100% used [0x00000000eab00000,0x00000000ec000000,0x00000000ec000000)
  from space 1024K, 78% used [0x00000000ec180000,0x00000000ec249c10,0x00000000ec280000)
  to   space 1024K, 0% used [0x00000000ec000000,0x00000000ec000000,0x00000000ec100000)
 ParOldGen       total 68608K, used 29694K [0x00000000c0000000, 0x00000000c4300000, 0x00000000eab00000)
  object space 68608K, 43% used [0x00000000c0000000,0x00000000c1cffb60,0x00000000c4300000)
 Metaspace       used 49421K, committed 50432K, reserved 1114112K
  class space    used 5152K, committed 5568K, reserved 1048576K
}
Event: 11.664 GC heap after
{Heap after GC invocations=25 (full 2):
 PSYoungGen      total 22528K, used 608K [0x00000000eab00000, 0x00000000ec200000, 0x0000000100000000)
  eden space 21504K, 0% used [0x00000000eab00000,0x00000000eab00000,0x00000000ec000000)
  from space 1024K, 59% used [0x00000000ec000000,0x00000000ec098000,0x00000000ec100000)
  to   space 1024K, 0% used [0x00000000ec100000,0x00000000ec100000,0x00000000ec200000)
 ParOldGen       total 68608K, used 30317K [0x00000000c0000000, 0x00000000c4300000, 0x00000000eab00000)
  object space 68608K, 44% used [0x00000000c0000000,0x00000000c1d9b528,0x00000000c4300000)
 Metaspace       used 49421K, committed 50432K, reserved 1114112K
  class space    used 5152K, committed 5568K, reserved 1048576K
}
Event: 11.984 GC heap before
{Heap before GC invocations=26 (full 2):
 PSYoungGen      total 22528K, used 22091K [0x00000000eab00000, 0x00000000ec200000, 0x0000000100000000)
  eden space 21504K, 99% used [0x00000000eab00000,0x00000000ebffad10,0x00000000ec000000)
  from space 1024K, 59% used [0x00000000ec000000,0x00000000ec098000,0x00000000ec100000)
  to   space 1024K, 0% used [0x00000000ec100000,0x00000000ec100000,0x00000000ec200000)
 ParOldGen       total 68608K, used 30317K [0x00000000c0000000, 0x00000000c4300000, 0x00000000eab00000)
  object space 68608K, 44% used [0x00000000c0000000,0x00000000c1d9b528,0x00000000c4300000)
 Metaspace       used 51874K, committed 52928K, reserved 1114112K
  class space    used 5471K, committed 5952K, reserved 1048576K
}
Event: 11.986 GC heap after
{Heap after GC invocations=26 (full 2):
 PSYoungGen      total 21504K, used 1004K [0x00000000eab00000, 0x00000000ec400000, 0x0000000100000000)
  eden space 20480K, 0% used [0x00000000eab00000,0x00000000eab00000,0x00000000ebf00000)
  from space 1024K, 98% used [0x00000000ec100000,0x00000000ec1fb270,0x00000000ec200000)
  to   space 2048K, 0% used [0x00000000ebf00000,0x00000000ebf00000,0x00000000ec100000)
 ParOldGen       total 68608K, used 30861K [0x00000000c0000000, 0x00000000c4300000, 0x00000000eab00000)
  object space 68608K, 44% used [0x00000000c0000000,0x00000000c1e23528,0x00000000c4300000)
 Metaspace       used 51874K, committed 52928K, reserved 1114112K
  class space    used 5471K, committed 5952K, reserved 1048576K
}
Event: 12.320 GC heap before
{Heap before GC invocations=27 (full 2):
 PSYoungGen      total 21504K, used 21480K [0x00000000eab00000, 0x00000000ec400000, 0x0000000100000000)
  eden space 20480K, 99% used [0x00000000eab00000,0x00000000ebeff128,0x00000000ebf00000)
  from space 1024K, 98% used [0x00000000ec100000,0x00000000ec1fb270,0x00000000ec200000)
  to   space 2048K, 0% used [0x00000000ebf00000,0x00000000ebf00000,0x00000000ec100000)
 ParOldGen       total 68608K, used 30861K [0x00000000c0000000, 0x00000000c4300000, 0x00000000eab00000)
  object space 68608K, 44% used [0x00000000c0000000,0x00000000c1e23528,0x00000000c4300000)
 Metaspace       used 54129K, committed 55168K, reserved 1114112K
  class space    used 5782K, committed 6272K, reserved 1048576K
}
Event: 12.322 GC heap after
{Heap after GC invocations=27 (full 2):
 PSYoungGen      total 22016K, used 1248K [0x00000000eab00000, 0x00000000ec200000, 0x0000000100000000)
  eden space 20480K, 0% used [0x00000000eab00000,0x00000000eab00000,0x00000000ebf00000)
  from space 1536K, 81% used [0x00000000ebf00000,0x00000000ec038000,0x00000000ec080000)
  to   space 1536K, 0% used [0x00000000ec080000,0x00000000ec080000,0x00000000ec200000)
 ParOldGen       total 68608K, used 31760K [0x00000000c0000000, 0x00000000c4300000, 0x00000000eab00000)
  object space 68608K, 46% used [0x00000000c0000000,0x00000000c1f04238,0x00000000c4300000)
 Metaspace       used 54129K, committed 55168K, reserved 1114112K
  class space    used 5782K, committed 6272K, reserved 1048576K
}
Event: 12.510 GC heap before
{Heap before GC invocations=28 (full 2):
 PSYoungGen      total 22016K, used 21728K [0x00000000eab00000, 0x00000000ec200000, 0x0000000100000000)
  eden space 20480K, 100% used [0x00000000eab00000,0x00000000ebf00000,0x00000000ebf00000)
  from space 1536K, 81% used [0x00000000ebf00000,0x00000000ec038000,0x00000000ec080000)
  to   space 1536K, 0% used [0x00000000ec080000,0x00000000ec080000,0x00000000ec200000)
 ParOldGen       total 68608K, used 31760K [0x00000000c0000000, 0x00000000c4300000, 0x00000000eab00000)
  object space 68608K, 46% used [0x00000000c0000000,0x00000000c1f04238,0x00000000c4300000)
 Metaspace       used 56470K, committed 57536K, reserved 1114112K
  class space    used 6071K, committed 6528K, reserved 1048576K
}
Event: 12.514 GC heap after
{Heap after GC invocations=28 (full 2):
 PSYoungGen      total 19968K, used 1533K [0x00000000eab00000, 0x00000000ec600000, 0x0000000100000000)
  eden space 18432K, 0% used [0x00000000eab00000,0x00000000eab00000,0x00000000ebd00000)
  from space 1536K, 99% used [0x00000000ec080000,0x00000000ec1ff6f0,0x00000000ec200000)
  to   space 3584K, 0% used [0x00000000ebd00000,0x00000000ebd00000,0x00000000ec080000)
 ParOldGen       total 68608K, used 33340K [0x00000000c0000000, 0x00000000c4300000, 0x00000000eab00000)
  object space 68608K, 48% used [0x00000000c0000000,0x00000000c208f248,0x00000000c4300000)
 Metaspace       used 56470K, committed 57536K, reserved 1114112K
  class space    used 6071K, committed 6528K, reserved 1048576K
}
Event: 12.678 GC heap before
{Heap before GC invocations=29 (full 2):
 PSYoungGen      total 19968K, used 18404K [0x00000000eab00000, 0x00000000ec600000, 0x0000000100000000)
  eden space 18432K, 91% used [0x00000000eab00000,0x00000000ebb79950,0x00000000ebd00000)
  from space 1536K, 99% used [0x00000000ec080000,0x00000000ec1ff6f0,0x00000000ec200000)
  to   space 3584K, 0% used [0x00000000ebd00000,0x00000000ebd00000,0x00000000ec080000)
 ParOldGen       total 68608K, used 33340K [0x00000000c0000000, 0x00000000c4300000, 0x00000000eab00000)
  object space 68608K, 48% used [0x00000000c0000000,0x00000000c208f248,0x00000000c4300000)
 Metaspace       used 58713K, committed 59776K, reserved 1114112K
  class space    used 6341K, committed 6848K, reserved 1048576K
}
Event: 12.680 GC heap after
{Heap after GC invocations=29 (full 2):
 PSYoungGen      total 22016K, used 1091K [0x00000000eab00000, 0x00000000ec300000, 0x0000000100000000)
  eden space 18432K, 0% used [0x00000000eab00000,0x00000000eab00000,0x00000000ebd00000)
  from space 3584K, 30% used [0x00000000ebd00000,0x00000000ebe10f90,0x00000000ec080000)
  to   space 2048K, 0% used [0x00000000ec100000,0x00000000ec100000,0x00000000ec300000)
 ParOldGen       total 68608K, used 34697K [0x00000000c0000000, 0x00000000c4300000, 0x00000000eab00000)
  object space 68608K, 50% used [0x00000000c0000000,0x00000000c21e27c8,0x00000000c4300000)
 Metaspace       used 58713K, committed 59776K, reserved 1114112K
  class space    used 6341K, committed 6848K, reserved 1048576K
}
Event: 12.680 GC heap before
{Heap before GC invocations=30 (full 3):
 PSYoungGen      total 22016K, used 1091K [0x00000000eab00000, 0x00000000ec300000, 0x0000000100000000)
  eden space 18432K, 0% used [0x00000000eab00000,0x00000000eab00000,0x00000000ebd00000)
  from space 3584K, 30% used [0x00000000ebd00000,0x00000000ebe10f90,0x00000000ec080000)
  to   space 2048K, 0% used [0x00000000ec100000,0x00000000ec100000,0x00000000ec300000)
 ParOldGen       total 68608K, used 34697K [0x00000000c0000000, 0x00000000c4300000, 0x00000000eab00000)
  object space 68608K, 50% used [0x00000000c0000000,0x00000000c21e27c8,0x00000000c4300000)
 Metaspace       used 58713K, committed 59776K, reserved 1114112K
  class space    used 6341K, committed 6848K, reserved 1048576K
}
Event: 12.723 GC heap after
{Heap after GC invocations=30 (full 3):
 PSYoungGen      total 22016K, used 0K [0x00000000eab00000, 0x00000000ec300000, 0x0000000100000000)
  eden space 18432K, 0% used [0x00000000eab00000,0x00000000eab00000,0x00000000ebd00000)
  from space 3584K, 0% used [0x00000000ebd00000,0x00000000ebd00000,0x00000000ec080000)
  to   space 2048K, 0% used [0x00000000ec100000,0x00000000ec100000,0x00000000ec300000)
 ParOldGen       total 68608K, used 33556K [0x00000000c0000000, 0x00000000c4300000, 0x00000000eab00000)
  object space 68608K, 48% used [0x00000000c0000000,0x00000000c20c5240,0x00000000c4300000)
 Metaspace       used 58713K, committed 59776K, reserved 1114112K
  class space    used 6341K, committed 6848K, reserved 1048576K
}

Dll operation events (12 events):
Event: 0.011 Loaded shared library c:\Users\nocturno\.vscode\extensions\redhat.java-1.35.1-win32-x64\jre\17.0.12-win32-x86_64\bin\java.dll
Event: 0.124 Loaded shared library c:\Users\nocturno\.vscode\extensions\redhat.java-1.35.1-win32-x64\jre\17.0.12-win32-x86_64\bin\zip.dll
Event: 0.126 Loaded shared library C:\Users\nocturno\.vscode\extensions\redhat.java-1.35.1-win32-x64\jre\17.0.12-win32-x86_64\bin\instrument.dll
Event: 0.136 Loaded shared library C:\Users\nocturno\.vscode\extensions\redhat.java-1.35.1-win32-x64\jre\17.0.12-win32-x86_64\bin\net.dll
Event: 0.137 Loaded shared library C:\Users\nocturno\.vscode\extensions\redhat.java-1.35.1-win32-x64\jre\17.0.12-win32-x86_64\bin\nio.dll
Event: 0.142 Loaded shared library C:\Users\nocturno\.vscode\extensions\redhat.java-1.35.1-win32-x64\jre\17.0.12-win32-x86_64\bin\zip.dll
Event: 0.154 Loaded shared library C:\Users\nocturno\.vscode\extensions\redhat.java-1.35.1-win32-x64\jre\17.0.12-win32-x86_64\bin\jimage.dll
Event: 0.204 Loaded shared library c:\Users\nocturno\.vscode\extensions\redhat.java-1.35.1-win32-x64\jre\17.0.12-win32-x86_64\bin\verify.dll
Event: 3.101 Loaded shared library C:\Users\nocturno\AppData\Roaming\Code\User\globalStorage\redhat.java\1.35.1\config_win\org.eclipse.equinox.launcher\org.eclipse.equinox.launcher.win32.win32.x86_64_1.2.1100.v20240722-2106\eclipse_11904.dll
Event: 9.514 Loaded shared library C:\Users\nocturno\AppData\Local\Temp\jna-1109282320\jna11910577156748930249.dll
Event: 12.613 Loaded shared library C:\Users\nocturno\.vscode\extensions\redhat.java-1.35.1-win32-x64\jre\17.0.12-win32-x86_64\bin\sunmscapi.dll
Event: 12.651 Loaded shared library C:\Users\nocturno\.vscode\extensions\redhat.java-1.35.1-win32-x64\jre\17.0.12-win32-x86_64\bin\extnet.dll

Deoptimization events (20 events):
Event: 12.585 Thread 0x00000227a7a0f3b0 Uncommon trap: trap_request=0xffffffde fr.pc=0x000002279699dbd0 relative=0x0000000000001bd0
Event: 12.585 Thread 0x00000227a7a0f3b0 Uncommon trap: reason=class_check action=maybe_recompile pc=0x000002279699dbd0 method=java.nio.file.FileTreeWalker.next()Ljava/nio/file/FileTreeWalker$Event; @ 37 c2
Event: 12.585 Thread 0x00000227a7a0f3b0 DEOPT PACKING pc=0x000002279699dbd0 sp=0x000000df3e6feb80
Event: 12.585 Thread 0x00000227a7a0f3b0 DEOPT UNPACKING pc=0x00000227962266a3 sp=0x000000df3e6feb80 mode 2
Event: 12.586 Thread 0x00000227a7a0f3b0 Uncommon trap: trap_request=0xffffffde fr.pc=0x000002279699dbd0 relative=0x0000000000001bd0
Event: 12.586 Thread 0x00000227a7a0f3b0 Uncommon trap: reason=class_check action=maybe_recompile pc=0x000002279699dbd0 method=java.nio.file.FileTreeWalker.next()Ljava/nio/file/FileTreeWalker$Event; @ 37 c2
Event: 12.586 Thread 0x00000227a7a0f3b0 DEOPT PACKING pc=0x000002279699dbd0 sp=0x000000df3e6feb80
Event: 12.586 Thread 0x00000227a7a0f3b0 DEOPT UNPACKING pc=0x00000227962266a3 sp=0x000000df3e6feb80 mode 2
Event: 12.621 Thread 0x00000227a7a0f3b0 DEOPT PACKING pc=0x000002278f4a3a8c sp=0x000000df3e6fe660
Event: 12.621 Thread 0x00000227a7a0f3b0 DEOPT UNPACKING pc=0x0000022796226e43 sp=0x000000df3e6fdbe0 mode 0
Event: 12.636 Thread 0x00000227a7a0f3b0 DEOPT PACKING pc=0x000002278f6ece7d sp=0x000000df3e6fe790
Event: 12.636 Thread 0x00000227a7a0f3b0 DEOPT UNPACKING pc=0x0000022796226e43 sp=0x000000df3e6fdc70 mode 0
Event: 12.637 Thread 0x00000227a6593130 Uncommon trap: trap_request=0xffffffc6 fr.pc=0x000002279694f754 relative=0x0000000000000294
Event: 12.637 Thread 0x00000227a6593130 Uncommon trap: reason=bimorphic_or_optimized_type_check action=maybe_recompile pc=0x000002279694f754 method=java.util.Hashtable.addEntry(ILjava/lang/Object;Ljava/lang/Object;I)V @ 28 c2
Event: 12.637 Thread 0x00000227a6593130 DEOPT PACKING pc=0x000002279694f754 sp=0x000000df3d7fb4a0
Event: 12.637 Thread 0x00000227a6593130 DEOPT UNPACKING pc=0x00000227962266a3 sp=0x000000df3d7fb438 mode 2
Event: 12.639 Thread 0x00000227a7a0f3b0 DEOPT PACKING pc=0x000002278f6f4e2a sp=0x000000df3e6fe850
Event: 12.639 Thread 0x00000227a7a0f3b0 DEOPT UNPACKING pc=0x0000022796226e43 sp=0x000000df3e6fdd70 mode 0
Event: 12.757 Thread 0x00000227a6593130 DEOPT PACKING pc=0x000002278f800f03 sp=0x000000df3d7fe0c0
Event: 12.757 Thread 0x00000227a6593130 DEOPT UNPACKING pc=0x0000022796226e43 sp=0x000000df3d7fd578 mode 0

Classes loaded (20 events):
Event: 12.748 Loading class sun/security/util/math/intpoly/IntegerPolynomialP384
Event: 12.748 Loading class sun/security/util/math/intpoly/IntegerPolynomialP384 done
Event: 12.748 Loading class sun/security/util/math/intpoly/IntegerPolynomialP521
Event: 12.749 Loading class sun/security/util/math/intpoly/IntegerPolynomialP521 done
Event: 12.749 Loading class sun/security/util/math/intpoly/P256OrderField
Event: 12.749 Loading class sun/security/util/math/intpoly/P256OrderField done
Event: 12.750 Loading class sun/security/util/math/intpoly/P384OrderField
Event: 12.750 Loading class sun/security/util/math/intpoly/P384OrderField done
Event: 12.750 Loading class sun/security/util/math/intpoly/P521OrderField
Event: 12.750 Loading class sun/security/util/math/intpoly/P521OrderField done
Event: 12.758 Loading class java/security/interfaces/ECPrivateKey
Event: 12.758 Loading class java/security/interfaces/ECPrivateKey done
Event: 12.758 Loading class sun/security/util/ArrayUtil
Event: 12.758 Loading class sun/security/util/ArrayUtil done
Event: 12.759 Loading class sun/security/ssl/KeyShareExtension$CHKeyShareSpec
Event: 12.759 Loading class sun/security/ssl/KeyShareExtension$CHKeyShareSpec done
Event: 12.759 Loading class sun/security/ssl/OutputRecord$T13PaddingHolder
Event: 12.759 Loading class sun/security/ssl/OutputRecord$T13PaddingHolder done
Event: 12.759 Loading class sun/security/ssl/ContentType
Event: 12.759 Loading class sun/security/ssl/ContentType done

Classes unloaded (7 events):
Event: 10.432 Thread 0x000002279fe79870 Unloading class 0x0000000100252400 'java/lang/invoke/LambdaForm$MH+0x0000000100252400'
Event: 10.432 Thread 0x000002279fe79870 Unloading class 0x0000000100252000 'java/lang/invoke/LambdaForm$MH+0x0000000100252000'
Event: 10.432 Thread 0x000002279fe79870 Unloading class 0x0000000100251c00 'java/lang/invoke/LambdaForm$MH+0x0000000100251c00'
Event: 10.432 Thread 0x000002279fe79870 Unloading class 0x0000000100251800 'java/lang/invoke/LambdaForm$MH+0x0000000100251800'
Event: 10.432 Thread 0x000002279fe79870 Unloading class 0x0000000100251400 'java/lang/invoke/LambdaForm$BMH+0x0000000100251400'
Event: 10.432 Thread 0x000002279fe79870 Unloading class 0x0000000100251000 'java/lang/invoke/LambdaForm$DMH+0x0000000100251000'
Event: 10.432 Thread 0x000002279fe79870 Unloading class 0x000000010024c400 'java/lang/invoke/LambdaForm$DMH+0x000000010024c400'

Classes redefined (0 events):
No events

Internal exceptions (20 events):
Event: 12.727 Thread 0x00000227a7a0f3b0 Exception <a 'sun/nio/fs/WindowsException'{0x00000000eabd0df8}> (0x00000000eabd0df8) 
thrown [s\src\hotspot\share\prims\jni.cpp, line 516]
Event: 12.728 Thread 0x00000227a7a0f3b0 Exception <a 'sun/nio/fs/WindowsException'{0x00000000eabd4020}> (0x00000000eabd4020) 
thrown [s\src\hotspot\share\prims\jni.cpp, line 516]
Event: 12.728 Thread 0x00000227a7a0f3b0 Exception <a 'sun/nio/fs/WindowsException'{0x00000000eabd7500}> (0x00000000eabd7500) 
thrown [s\src\hotspot\share\prims\jni.cpp, line 516]
Event: 12.729 Thread 0x00000227a7a0f3b0 Exception <a 'sun/nio/fs/WindowsException'{0x00000000eabdab10}> (0x00000000eabdab10) 
thrown [s\src\hotspot\share\prims\jni.cpp, line 516]
Event: 12.730 Thread 0x00000227a7a0f3b0 Exception <a 'sun/nio/fs/WindowsException'{0x00000000eac441f8}> (0x00000000eac441f8) 
thrown [s\src\hotspot\share\prims\jni.cpp, line 516]
Event: 12.730 Thread 0x00000227a7a0f3b0 Exception <a 'sun/nio/fs/WindowsException'{0x00000000eac47340}> (0x00000000eac47340) 
thrown [s\src\hotspot\share\prims\jni.cpp, line 516]
Event: 12.731 Thread 0x00000227a7a0f3b0 Exception <a 'sun/nio/fs/WindowsException'{0x00000000eac4a408}> (0x00000000eac4a408) 
thrown [s\src\hotspot\share\prims\jni.cpp, line 516]
Event: 12.731 Thread 0x00000227a7a0f3b0 Exception <a 'sun/nio/fs/WindowsException'{0x00000000eac4d770}> (0x00000000eac4d770) 
thrown [s\src\hotspot\share\prims\jni.cpp, line 516]
Event: 12.731 Thread 0x00000227a7a0f3b0 Exception <a 'sun/nio/fs/WindowsException'{0x00000000eac50d80}> (0x00000000eac50d80) 
thrown [s\src\hotspot\share\prims\jni.cpp, line 516]
Event: 12.732 Thread 0x00000227a7a0f3b0 Exception <a 'sun/nio/fs/WindowsException'{0x00000000eac54368}> (0x00000000eac54368) 
thrown [s\src\hotspot\share\prims\jni.cpp, line 516]
Event: 12.732 Thread 0x00000227a7a0f3b0 Exception <a 'sun/nio/fs/WindowsException'{0x00000000eac9bf20}> (0x00000000eac9bf20) 
thrown [s\src\hotspot\share\prims\jni.cpp, line 516]
Event: 12.733 Thread 0x00000227a7a0f3b0 Exception <a 'sun/nio/fs/WindowsException'{0x00000000eac9efe8}> (0x00000000eac9efe8) 
thrown [s\src\hotspot\share\prims\jni.cpp, line 516]
Event: 12.733 Thread 0x00000227a7a0f3b0 Exception <a 'sun/nio/fs/WindowsException'{0x00000000eaca2350}> (0x00000000eaca2350) 
thrown [s\src\hotspot\share\prims\jni.cpp, line 516]
Event: 12.733 Thread 0x00000227a7a0f3b0 Exception <a 'sun/nio/fs/WindowsException'{0x00000000eaca5960}> (0x00000000eaca5960) 
thrown [s\src\hotspot\share\prims\jni.cpp, line 516]
Event: 12.734 Thread 0x00000227a7a0f3b0 Exception <a 'sun/nio/fs/WindowsException'{0x00000000eaca8f48}> (0x00000000eaca8f48) 
thrown [s\src\hotspot\share\prims\jni.cpp, line 516]
Event: 12.734 Thread 0x00000227a7a0f3b0 Exception <a 'sun/nio/fs/WindowsException'{0x00000000eacac090}> (0x00000000eacac090) 
thrown [s\src\hotspot\share\prims\jni.cpp, line 516]
Event: 12.734 Thread 0x00000227a7a0f3b0 Exception <a 'sun/nio/fs/WindowsException'{0x00000000eacf3280}> (0x00000000eacf3280) 
thrown [s\src\hotspot\share\prims\jni.cpp, line 516]
Event: 12.735 Thread 0x00000227a7a0f3b0 Exception <a 'sun/nio/fs/WindowsException'{0x00000000eacf6608}> (0x00000000eacf6608) 
thrown [s\src\hotspot\share\prims\jni.cpp, line 516]
Event: 12.735 Thread 0x00000227a7a0f3b0 Exception <a 'sun/nio/fs/WindowsException'{0x00000000eacf9c50}> (0x00000000eacf9c50) 
thrown [s\src\hotspot\share\prims\jni.cpp, line 516]
Event: 12.735 Thread 0x00000227a7a0f3b0 Exception <a 'sun/nio/fs/WindowsException'{0x00000000eacfd270}> (0x00000000eacfd270) 
thrown [s\src\hotspot\share\prims\jni.cpp, line 516]

VM Operations (20 events):
Event: 12.250 Executing VM operation: HandshakeAllThreads
Event: 12.250 Executing VM operation: HandshakeAllThreads done
Event: 12.250 Executing VM operation: HandshakeAllThreads
Event: 12.251 Executing VM operation: HandshakeAllThreads done
Event: 12.269 Executing VM operation: ICBufferFull
Event: 12.269 Executing VM operation: ICBufferFull done
Event: 12.320 Executing VM operation: ParallelGCFailedAllocation
Event: 12.322 Executing VM operation: ParallelGCFailedAllocation done
Event: 12.374 Executing VM operation: HandshakeAllThreads
Event: 12.374 Executing VM operation: HandshakeAllThreads done
Event: 12.404 Executing VM operation: HandshakeAllThreads
Event: 12.404 Executing VM operation: HandshakeAllThreads done
Event: 12.510 Executing VM operation: ParallelGCFailedAllocation
Event: 12.516 Executing VM operation: ParallelGCFailedAllocation done
Event: 12.640 Executing VM operation: HandshakeAllThreads
Event: 12.640 Executing VM operation: HandshakeAllThreads done
Event: 12.667 Executing VM operation: HandshakeAllThreads
Event: 12.667 Executing VM operation: HandshakeAllThreads done
Event: 12.678 Executing VM operation: CollectForMetadataAllocation
Event: 12.723 Executing VM operation: CollectForMetadataAllocation done

Events (20 events):
Event: 11.386 Thread 0x00000227a55f9cf0 flushing nmethod 0x000002278f699290
Event: 11.386 Thread 0x00000227a55f9cf0 flushing nmethod 0x000002278f6bb010
Event: 11.386 Thread 0x00000227a55f9cf0 flushing nmethod 0x000002278f6d1910
Event: 11.386 Thread 0x00000227a55f9cf0 flushing nmethod 0x000002278f6d8010
Event: 11.386 Thread 0x00000227a55f9cf0 flushing nmethod 0x000002278f6e5010
Event: 11.386 Thread 0x00000227a55f9cf0 flushing nmethod 0x000002278f6e5490
Event: 11.386 Thread 0x00000227a55f9cf0 flushing nmethod 0x000002278f6f8510
Event: 11.386 Thread 0x00000227a55f9cf0 flushing nmethod 0x000002278f6fa410
Event: 11.386 Thread 0x00000227a55f9cf0 flushing nmethod 0x000002278f6fa790
Event: 11.386 Thread 0x00000227a55f9cf0 flushing nmethod 0x000002278f714790
Event: 11.386 Thread 0x00000227a55f9cf0 flushing nmethod 0x000002278f715210
Event: 11.386 Thread 0x00000227a55f9cf0 flushing nmethod 0x000002278f715590
Event: 11.386 Thread 0x00000227a55f9cf0 flushing nmethod 0x000002278f715990
Event: 11.386 Thread 0x00000227a55f9cf0 flushing nmethod 0x000002278f71c090
Event: 11.386 Thread 0x00000227a55f9cf0 flushing nmethod 0x000002278f721a90
Event: 11.386 Thread 0x00000227a55f9cf0 flushing nmethod 0x000002278f721e10
Event: 11.386 Thread 0x00000227a55f9cf0 flushing nmethod 0x000002278f722390
Event: 11.386 Thread 0x00000227a55f9cf0 flushing nmethod 0x000002278f722790
Event: 11.386 Thread 0x00000227a55f9cf0 flushing nmethod 0x000002278f722f10
Event: 11.386 Thread 0x00000227a55f9cf0 flushing nmethod 0x000002278f725b90


Dynamic libraries:
0x00007ff7bb570000 - 0x00007ff7bb57e000 	c:\Users\nocturno\.vscode\extensions\redhat.java-1.35.1-win32-x64\jre\17.0.12-win32-x86_64\bin\java.exe
0x00007ffe83f90000 - 0x00007ffe841a7000 	C:\Windows\SYSTEM32\ntdll.dll
0x00007ffe82980000 - 0x00007ffe82a44000 	C:\Windows\System32\KERNEL32.DLL
0x00007ffe812a0000 - 0x00007ffe81657000 	C:\Windows\System32\KERNELBASE.dll
0x00007ffe818f0000 - 0x00007ffe81a01000 	C:\Windows\System32\ucrtbase.dll
0x00007ffe5b3c0000 - 0x00007ffe5b3d7000 	c:\Users\nocturno\.vscode\extensions\redhat.java-1.35.1-win32-x64\jre\17.0.12-win32-x86_64\bin\jli.dll
0x00007ffe5a2d0000 - 0x00007ffe5a2eb000 	c:\Users\nocturno\.vscode\extensions\redhat.java-1.35.1-win32-x64\jre\17.0.12-win32-x86_64\bin\VCRUNTIME140.dll
0x00007ffe82a50000 - 0x00007ffe82bff000 	C:\Windows\System32\USER32.dll
0x00007ffe81a90000 - 0x00007ffe81ab6000 	C:\Windows\System32\win32u.dll
0x00007ffe63b00000 - 0x00007ffe63d93000 	C:\Windows\WinSxS\amd64_microsoft.windows.common-controls_6595b64144ccf1df_6.0.22621.3672_none_2713b9d173822955\COMCTL32.dll
0x00007ffe81d70000 - 0x00007ffe81d99000 	C:\Windows\System32\GDI32.dll
0x00007ffe82760000 - 0x00007ffe82807000 	C:\Windows\System32\msvcrt.dll
0x00007ffe817d0000 - 0x00007ffe818e8000 	C:\Windows\System32\gdi32full.dll
0x00007ffe81b80000 - 0x00007ffe81c1a000 	C:\Windows\System32\msvcp_win.dll
0x00007ffe83c00000 - 0x00007ffe83c31000 	C:\Windows\System32\IMM32.DLL
0x00007ffe74cd0000 - 0x00007ffe74cdc000 	c:\Users\nocturno\.vscode\extensions\redhat.java-1.35.1-win32-x64\jre\17.0.12-win32-x86_64\bin\vcruntime140_1.dll
0x00007ffe4cee0000 - 0x00007ffe4cf6d000 	c:\Users\nocturno\.vscode\extensions\redhat.java-1.35.1-win32-x64\jre\17.0.12-win32-x86_64\bin\msvcp140.dll
0x00007ffe29210000 - 0x00007ffe29e7a000 	c:\Users\nocturno\.vscode\extensions\redhat.java-1.35.1-win32-x64\jre\17.0.12-win32-x86_64\bin\server\jvm.dll
0x00007ffe828c0000 - 0x00007ffe82972000 	C:\Windows\System32\ADVAPI32.dll
0x00007ffe81cc0000 - 0x00007ffe81d68000 	C:\Windows\System32\sechost.dll
0x00007ffe81c20000 - 0x00007ffe81c48000 	C:\Windows\System32\bcrypt.dll
0x00007ffe83c40000 - 0x00007ffe83d54000 	C:\Windows\System32\RPCRT4.dll
0x00007ffe830e0000 - 0x00007ffe83151000 	C:\Windows\System32\WS2_32.dll
0x00007ffe81180000 - 0x00007ffe811cd000 	C:\Windows\SYSTEM32\POWRPROF.dll
0x00007ffe769d0000 - 0x00007ffe76a04000 	C:\Windows\SYSTEM32\WINMM.dll
0x00007ffe7c240000 - 0x00007ffe7c24a000 	C:\Windows\SYSTEM32\VERSION.dll
0x00007ffe81150000 - 0x00007ffe81163000 	C:\Windows\SYSTEM32\UMPDC.dll
0x00007ffe802b0000 - 0x00007ffe802c8000 	C:\Windows\SYSTEM32\kernel.appcore.dll
0x00007ffe72ff0000 - 0x00007ffe72ffa000 	c:\Users\nocturno\.vscode\extensions\redhat.java-1.35.1-win32-x64\jre\17.0.12-win32-x86_64\bin\jimage.dll
0x00007ffe74930000 - 0x00007ffe74b62000 	C:\Windows\SYSTEM32\DBGHELP.DLL
0x00007ffe83310000 - 0x00007ffe8369e000 	C:\Windows\System32\combase.dll
0x00007ffe836a0000 - 0x00007ffe83777000 	C:\Windows\System32\OLEAUT32.dll
0x00007ffe73790000 - 0x00007ffe737c2000 	C:\Windows\SYSTEM32\dbgcore.DLL
0x00007ffe81a10000 - 0x00007ffe81a8b000 	C:\Windows\System32\bcryptPrimitives.dll
0x00007ffe72fa0000 - 0x00007ffe72fae000 	c:\Users\nocturno\.vscode\extensions\redhat.java-1.35.1-win32-x64\jre\17.0.12-win32-x86_64\bin\instrument.dll
0x00007ffe5a2a0000 - 0x00007ffe5a2c5000 	c:\Users\nocturno\.vscode\extensions\redhat.java-1.35.1-win32-x64\jre\17.0.12-win32-x86_64\bin\java.dll
0x00007ffe58ff0000 - 0x00007ffe59008000 	c:\Users\nocturno\.vscode\extensions\redhat.java-1.35.1-win32-x64\jre\17.0.12-win32-x86_64\bin\zip.dll
0x00007ffe81ef0000 - 0x00007ffe82759000 	C:\Windows\System32\SHELL32.dll
0x00007ffe7f1c0000 - 0x00007ffe7fabf000 	C:\Windows\SYSTEM32\windows.storage.dll
0x00007ffe7f080000 - 0x00007ffe7f1bf000 	C:\Windows\SYSTEM32\wintypes.dll
0x00007ffe83da0000 - 0x00007ffe83e99000 	C:\Windows\System32\SHCORE.dll
0x00007ffe83ba0000 - 0x00007ffe83bfe000 	C:\Windows\System32\shlwapi.dll
0x00007ffe811d0000 - 0x00007ffe811f7000 	C:\Windows\SYSTEM32\profapi.dll
0x00007ffe58fd0000 - 0x00007ffe58fe9000 	C:\Users\nocturno\.vscode\extensions\redhat.java-1.35.1-win32-x64\jre\17.0.12-win32-x86_64\bin\net.dll
0x00007ffe7b690000 - 0x00007ffe7b7c6000 	C:\Windows\SYSTEM32\WINHTTP.dll
0x00007ffe80710000 - 0x00007ffe80779000 	C:\Windows\system32\mswsock.dll
0x00007ffe56a00000 - 0x00007ffe56a16000 	C:\Users\nocturno\.vscode\extensions\redhat.java-1.35.1-win32-x64\jre\17.0.12-win32-x86_64\bin\nio.dll
0x00007ffe721a0000 - 0x00007ffe721b0000 	c:\Users\nocturno\.vscode\extensions\redhat.java-1.35.1-win32-x64\jre\17.0.12-win32-x86_64\bin\verify.dll
0x00007ffe4ddd0000 - 0x00007ffe4de15000 	C:\Users\nocturno\AppData\Roaming\Code\User\globalStorage\redhat.java\1.35.1\config_win\org.eclipse.equinox.launcher\org.eclipse.equinox.launcher.win32.win32.x86_64_1.2.1100.v20240722-2106\eclipse_11904.dll
0x00007ffe83160000 - 0x00007ffe83305000 	C:\Windows\System32\ole32.dll
0x00007ffe80ad0000 - 0x00007ffe80aeb000 	C:\Windows\SYSTEM32\CRYPTSP.dll
0x00007ffe80210000 - 0x00007ffe80245000 	C:\Windows\system32\rsaenh.dll
0x00007ffe807b0000 - 0x00007ffe807d8000 	C:\Windows\SYSTEM32\USERENV.dll
0x00007ffe80a40000 - 0x00007ffe80a4c000 	C:\Windows\SYSTEM32\CRYPTBASE.dll
0x00007ffe7fd60000 - 0x00007ffe7fd8d000 	C:\Windows\SYSTEM32\IPHLPAPI.DLL
0x00007ffe83d60000 - 0x00007ffe83d69000 	C:\Windows\System32\NSI.dll
0x00007ffe7b3c0000 - 0x00007ffe7b3d9000 	C:\Windows\SYSTEM32\dhcpcsvc6.DLL
0x00007ffe7b3a0000 - 0x00007ffe7b3bf000 	C:\Windows\SYSTEM32\dhcpcsvc.DLL
0x00007ffe7fde0000 - 0x00007ffe7fee2000 	C:\Windows\SYSTEM32\DNSAPI.dll
0x00007ffe4d170000 - 0x00007ffe4d1b9000 	C:\Users\nocturno\AppData\Local\Temp\jna-1109282320\jna11910577156748930249.dll
0x00007ffe83940000 - 0x00007ffe83948000 	C:\Windows\System32\PSAPI.DLL
0x00007ffe70bb0000 - 0x00007ffe70bbe000 	C:\Users\nocturno\.vscode\extensions\redhat.java-1.35.1-win32-x64\jre\17.0.12-win32-x86_64\bin\sunmscapi.dll
0x00007ffe81660000 - 0x00007ffe817c6000 	C:\Windows\System32\CRYPT32.dll
0x00007ffe80aa0000 - 0x00007ffe80ace000 	C:\Windows\SYSTEM32\ncrypt.dll
0x00007ffe80a60000 - 0x00007ffe80a97000 	C:\Windows\SYSTEM32\NTASN1.dll
0x00007ffe794c0000 - 0x00007ffe794ca000 	C:\Windows\System32\rasadhlp.dll
0x00007ffe79ee0000 - 0x00007ffe79f63000 	C:\Windows\System32\fwpuclnt.dll
0x00007ffe703d0000 - 0x00007ffe703d9000 	C:\Users\nocturno\.vscode\extensions\redhat.java-1.35.1-win32-x64\jre\17.0.12-win32-x86_64\bin\extnet.dll

dbghelp: loaded successfully - version: 4.0.5 - missing functions: none
symbol engine: initialized successfully - sym options: 0x614 - pdb path: .;c:\Users\nocturno\.vscode\extensions\redhat.java-1.35.1-win32-x64\jre\17.0.12-win32-x86_64\bin;C:\Windows\SYSTEM32;C:\Windows\WinSxS\amd64_microsoft.windows.common-controls_6595b64144ccf1df_6.0.22621.3672_none_2713b9d173822955;c:\Users\nocturno\.vscode\extensions\redhat.java-1.35.1-win32-x64\jre\17.0.12-win32-x86_64\bin\server;C:\Users\nocturno\AppData\Roaming\Code\User\globalStorage\redhat.java\1.35.1\config_win\org.eclipse.equinox.launcher\org.eclipse.equinox.launcher.win32.win32.x86_64_1.2.1100.v20240722-2106;C:\Users\nocturno\AppData\Local\Temp\jna-1109282320

VM Arguments:
jvm_args: --add-modules=ALL-SYSTEM --add-opens=java.base/java.util=ALL-UNNAMED --add-opens=java.base/java.lang=ALL-UNNAMED --add-opens=java.base/sun.nio.fs=ALL-UNNAMED -Declipse.application=org.eclipse.jdt.ls.core.id1 -Dosgi.bundles.defaultStartLevel=4 -Declipse.product=org.eclipse.jdt.ls.core.product -Djava.import.generatesMetadataFilesAtProjectRoot=false -DDetectVMInstallationsJob.disabled=true -Dfile.encoding=utf8 -XX:+UseParallelGC -XX:GCTimeRatio=4 -XX:AdaptiveSizePolicyWeight=90 -Dsun.zip.disableMemoryMapping=true -Xmx1G -Xms100m -Xlog:disable -javaagent:c:\Users\nocturno\.vscode\extensions\redhat.java-1.35.1-win32-x64\lombok\lombok-1.18.33.jar -XX:+HeapDumpOnOutOfMemoryError -XX:HeapDumpPath=c:\Users\nocturno\AppData\Roaming\Code\User\workspaceStorage\1812e3faff74b5b2630cf6a06ffa5056\redhat.java -Daether.dependencyCollector.impl=bf 
java_command: c:\Users\nocturno\.vscode\extensions\redhat.java-1.35.1-win32-x64\server\plugins\org.eclipse.equinox.launcher_1.6.900.v20240613-2009.jar -configuration c:\Users\nocturno\AppData\Roaming\Code\User\globalStorage\redhat.java\1.35.1\config_win -data c:\Users\nocturno\AppData\Roaming\Code\User\workspaceStorage\1812e3faff74b5b2630cf6a06ffa5056\redhat.java\jdt_ws --pipe=\\.\pipe\lsp-564eb10da9402597754366da69f42bdf-sock
java_class_path (initial): c:\Users\nocturno\.vscode\extensions\redhat.java-1.35.1-win32-x64\server\plugins\org.eclipse.equinox.launcher_1.6.900.v20240613-2009.jar
Launcher Type: SUN_STANDARD

[Global flags]
    uintx AdaptiveSizePolicyWeight                 = 90                                        {product} {command line}
     intx CICompilerCount                          = 3                                         {product} {ergonomic}
    uintx GCTimeRatio                              = 4                                         {product} {command line}
     bool HeapDumpOnOutOfMemoryError               = true                                   {manageable} {command line}
    ccstr HeapDumpPath                             = c:\Users\nocturno\AppData\Roaming\Code\User\workspaceStorage\1812e3faff74b5b2630cf6a06ffa5056\redhat.java         {manageable} {command line}
   size_t InitialHeapSize                          = 104857600                                 {product} {command line}
   size_t MaxHeapSize                              = 1073741824                                {product} {command line}
   size_t MaxNewSize                               = 357564416                                 {product} {ergonomic}
   size_t MinHeapDeltaBytes                        = 524288                                    {product} {ergonomic}
   size_t MinHeapSize                              = 104857600                                 {product} {command line}
   size_t NewSize                                  = 34603008                                  {product} {ergonomic}
    uintx NonNMethodCodeHeapSize                   = 5832780                                {pd product} {ergonomic}
    uintx NonProfiledCodeHeapSize                  = 122912730                              {pd product} {ergonomic}
   size_t OldSize                                  = 70254592                                  {product} {ergonomic}
    uintx ProfiledCodeHeapSize                     = 122912730                              {pd product} {ergonomic}
    uintx ReservedCodeCacheSize                    = 251658240                              {pd product} {ergonomic}
     bool SegmentedCodeCache                       = true                                      {product} {ergonomic}
   size_t SoftMaxHeapSize                          = 1073741824                             {manageable} {ergonomic}
     bool UseCompressedClassPointers               = true                           {product lp64_product} {ergonomic}
     bool UseCompressedOops                        = true                           {product lp64_product} {ergonomic}
     bool UseLargePagesIndividualAllocation        = false                                  {pd product} {ergonomic}
     bool UseParallelGC                            = true                                      {product} {command line}

Logging:
Log output configuration:
 #0: stdout all=off uptime,level,tags
 #1: stderr all=off uptime,level,tags

Environment Variables:
JAVA_HOME=C:\Program Files\Java\jdk-22
CLASSPATH=.;C:\misclases
PATH=C:\Program Files\Common Files\Oracle\Java\javapath;C:\Program Files\Eclipse Adoptium\jre-21.0.3.9-hotspot\bin;C:\Program Files\Eclipse Adoptium\jdk-21.0.3.9-hotspot\bin;C:\Windows\system32;C:\Windows;C:\Windows\System32\Wbem;C:\Windows\System32\WindowsPowerShell\v1.0\;C:\Windows\System32\OpenSSH\;C:\Program Files\Microsoft VS Code\bin;C:\Program Files\Git\cmd;C:\Program Files (x86)\Microsoft SQL Server\160\Tools\Binn\;C:\Program Files\Microsoft SQL Server\160\Tools\Binn\;C:\Program Files\Microsoft SQL Server\Client SDK\ODBC\170\Tools\Binn\;C:\Program Files\Microsoft SQL Server\160\DTS\Binn\;C:\Program Files (x86)\Microsoft SQL Server\160\DTS\Binn\;C:\Program Files\Java\jdk-22\bin;C:\Program Files\apache-maven-3.9.6\bin;C:\Users\nocturno\AppData\Local\Microsoft\WindowsApps;
USERNAME=nocturno
OS=Windows_NT
PROCESSOR_IDENTIFIER=Intel64 Family 6 Model 158 Stepping 10, GenuineIntel
TMP=C:\Users\nocturno\AppData\Local\Temp
TEMP=C:\Users\nocturno\AppData\Local\Temp



Periodic native trim disabled


---------------  S Y S T E M  ---------------

OS:
 Windows 11 , 64 bit Build 22621 (10.0.22621.3958)
OS uptime: 4 days 10:06 hours
Hyper-V role detected

CPU: total 6 (initial active 6) (6 cores per cpu, 1 threads per core) family 6 model 158 stepping 10 microcode 0xf6, cx8, cmov, fxsr, mmx, 3dnowpref, sse, sse2, sse3, ssse3, sse4.1, sse4.2, popcnt, lzcnt, tsc, tscinvbit, avx, avx2, aes, erms, clmul, bmi1, bmi2, adx, fma, vzeroupper, clflush, clflushopt, hv
Processor Information for all 6 processors :
  Max Mhz: 2808, Current Mhz: 2808, Mhz Limit: 2808

Memory: 4k page, system-wide physical 16158M (1631M free)
TotalPageFile size 46988M (AvailPageFile size 8M)
current process WorkingSet (physical memory assigned to process): 231M, peak: 232M
current process commit charge ("private bytes"): 296M, peak: 301M

vm_info: OpenJDK 64-Bit Server VM (17.0.12+7) for windows-amd64 JRE (17.0.12+7), built on Jul 16 2024 22:08:24 by "admin" with MS VC++ 16.10 / 16.11 (VS2019)

END.
